0000
0001
0002
0003
0004
0005
0010
0011
0012
0013
0014
0015
0016
0017
0018
0019
0020
0021
0022
0023
0024
0025
0030
0039
0040
0041
0042
0043
0044
0045
0046
0047
0048
0049
0050
0051
0052
0054
0055
0060
0061
0062
0063
0064
0080
0081
0082
0083
0084
0085
0086
0087
0088
0089
0090
0091
0092
0093
0095
0096
0097
0101
0102
0103
0104
0105
0106
0107
0108
0109
0110
0111
0112
0113
0114
0115
0116
0117
0118
0119
0120
0122
0123
0124
0125
0126
0127
0128
0129
0130
0131
0135
0140
0141
0142
0145
0150
0151
0152
0155
0160
0165
0170
0175
0180
0185
0191
0192
0193
0210
0211
0212
0213
0214
0220
0221
0222
0223
0225
0310
0311
0312
0313
0314
0316
0319
0320
0330
0340
0341
0346
0350
0351
0352
0353
0354
0355
0356
0360
0361
0362
0363
0364
0368
0370
0371
0372
0373
0374
0375
0376
0380
0381
0400
0401
0402
0403
0410
0411
0412
0413
0414
0415
0416
0417
0418
0420
0421
0422
0423
0424
0425
0426
0430
0431
0432
0439
0440
0441
0442
0443
0444
0445
0446
0447
0448
0449
0450
0451
0452
0454
0458
0459
0460
0461
0462
0463
0464
0465
0466
0467
0468
0469
0470
0471
0480
0481
0485
0486
0490
0495
0496
0497
0510
0511
0512
0513
0514
0515
0520
0521
0522
0523
0530
0531
0532
0540
0541
0542
0543
0544
0545
0546
0547
0548
0549
0610
0611
0612
0620
0621
0622
0630
0640
0650
0651
0652
0710
0711
0712
0713
0720
0721
0722
0723
0724
0810
0820
0830
0831
0840
0850
0851
0852
0853
0900
0903
0921
0922
0923
0924
0925
0931
0937
0951
9210
9230
9240
9250
9310
9350
