0000
0991
0995
0996
1095
3011
3062
3827
3828
3829
3830
3831
3832
3833
3834
3835
3836
3837
3838
3839
3840
3841
3842
3843
3844
3845
3846
3847
3848
3849
3850
3851
3852
3853
3854
3855
3856
3857
3858
3859
9001
9002
9003
9004
9005
9008
9009
9010
9013
9014
9015
9016
9017
9018
9019
9020
9021
9022
9025
9026
9027
9028
9029
9030
9031
9032
9033
9034
9035
9036
9037
9040
9041
9042
9043
9044
9045
9047
9048
9050
9051
9052
9055
9056
9057
9058
9059
9061
9062
9063
9064
9065
9066
9069
9070
9071
9073
9075
9076
9077
9078
9079
9080
9081
9082
9083
9084
9085
9088
9089
9090
9091
9092
9093
9094
9095
9097
9098
9099
9980
9983
9995
