0000
0020
0022
0024
0025
0026
0027
0028
0029
0030
0032
0033
0034
0035
0036
0037
0048
0049
0050
0051
0054
0056
0058
0059
0060
0061
0062
0063
0064
0065
0068
0069
0071
0072
0073
0074
0075
0076
0077
0080
0082
0083
0089
0090
0092
0094
0100
0101
0102
0103
0117
0120
0125
0130
0135
0140
0160
0165
0166
0167
0168
0170
0174
0178
0180
0186
0190
0191
0192
0194
0195
0196
0197
0198
0200
0201
0202
0203
0206
0210
0215
0216
0217
0218
0220
0221
0230
0240
0300
0301
0302
0303
0304
0305
0306
0307
0308
0309
0315
0320
0321
0322
0325
0330
0331
0332
0333
0350
0355
0360
0362
0365
0368
0373
0390
0393
0395
0398
0410
0423
0430
0431
0440
0443
0447
0450
0470
0477
0480
0490
0493
0494
0495
0510
0520
0525
0529
0530
0550
0570
0575
0580
0590
0610
0620
0630
0660
0680
0681
0682
0683
0684
0689
0690
0691
0695
0697
0700
0702
0720
0721
0722
0723
0724
0740
0750
0760
0761
0763
0777
0780
0781
0782
0786
0800
0820
0825
0830
0888
0984
0999
1000
1001
1002
1003
1004
1005
1006
1007
1008
1009
1010
1011
1012
1013
1014
1015
1016
1017
1018
1019
1020
1021
1022
1023
1024
1025
1026
1027
1028
1029
1030
1031
1032
1033
1034
1035
1036
1037
1038
1039
1040
1041
1042
1043
1044
1045
1046
1048
1049
1050
1070
1080
1081
1101
1105
1110
1115
1120
1125
1129
1130
1132
1135
1137
1140
1141
1142
1145
1146
1150
1170
1189
1190
1200
1210
1290
1299
1300
1301
1302
1303
1304
1305
1306
1307
1308
1309
1310
1311
1312
1313
1315
1316
1317
1318
1319
1320
1321
1322
1323
1329
1330
1335
1340
1360
1367
1375
1380
1382
1390
1395
1400
1420
1423
1424
1425
1426
1427
1428
1429
1430
1431
1432
1433
1434
1435
1436
1437
1439
1440
1441
1442
1443
1444
1445
1446
1447
1448
1449
1450
1451
1452
1453
1454
1455
1456
1457
1458
1459
1460
1461
1462
1463
1464
1465
1466
1467
1468
1469
1470
1471
1472
1473
1474
1475
1476
1477
1478
1479
1480
1481
1482
1483
1484
1485
1486
1487
1488
1489
1490
1491
1492
1493
1494
1496
1497
1498
1499
1500
1501
1502
1503
1505
1510
1511
1512
1513
1520
1530
1540
1550
1553
1558
1559
1560
1580
1600
1601
1602
1603
1608
1610
1611
1612
1613
1614
1615
1620
1640
1644
1648
1650
1655
1657
1658
1659
1660
1680
1700
1705
1720
1726
1727
1730
1740
1750
1800
1801
1802
1818
1820
1840
1860
1870
1890
1891
1892
1895
1899
1900
1901
1902
1903
1904
1905
1920
1940
1960
1980
2020
2024
2040
2042
2043
2045
2047
2050
2051
2052
2053
2054
2055
2056
2057
2058
2060
2066
2070
2071
2073
2075
2077
2078
2080
2085
2100
2101
2102
2103
2104
2106
2110
2120
2121
2122
2123
2124
2125
2199
2200
2201
2202
2203
2204
2205
2206
2207
2209
2210
2211
2230
2231
2235
2240
2260
2263
2264
2265
2266
2278
2280
2290
2300
2303
2304
2305
2310
2320
2330
2350
2360
2361
2380
2390
2400
2402
2405
2410
2420
2499
2500
2501
2502
2504
2510
2515
2516
2520
2530
2540
2560
2562
2565
2570
2575
2577
2580
2585
2600
2605
2610
2620
2621
2640
2660
2680
2681
2682
2710
2725
2727
2728
2729
2730
2731
2732
2733
2734
2735
2736
2737
2738
2739
2740
2741
2742
2743
2744
2745
2746
2750
2752
2760
2764
2770
2771
2772
2773
2780
2781
2782
2783
2784
2785
2800
2801
2802
2803
2804
2805
2806
2807
2808
2840
2900
2901
2902
2903
2904
2930
2931
2940
2944
2945
2947
2948
2950
2951
2952
2956
2970
2990
2995
2996
2998
3000
3010
3020
3024
3027
3030
3035
3040
3050
3051
3052
3053
3054
3055
3056
3057
3059
3060
3065
3100
3101
3106
3107
3108
3110
3112
3113
3114
3117
3119
3120
3131
3132
3140
3160
3161
3180
3190
3200
3201
3205
3210
3215
3220
3239
3240
3241
3242
3250
3255
3260
3265
3280
3281
3282
3285
3300
3303
3305
3307
3308
3309
3310
3312
3315
3320
3330
3331
3332
3333
3334
3335
3336
3337
3338
3360
3399
3400
3401
3402
3403
3404
3405
3406
3407
3420
3440
3445
3493
3499
3500
3501
3502
3510
3520
3535
3540
3541
3545
3555
3560
3600
3601
3602
3620
3630
3640
3650
3660
3670
3680
3999
4000
4001
4002
4003
4004
4005
4006
4007
4008
4009
4010
4011
4012
4013
4014
4015
4016
4017
4018
4019
4020
4021
4022
4023
4024
4025
4026
4027
4028
4029
4030
4031
4032
4033
4034
4035
4036
4037
4038
4039
4040
4041
4042
4043
4044
4045
4046
4047
4048
4049
4050
4051
4052
4053
4054
4055
4056
4057
4058
4059
4060
4061
4062
4063
4064
4065
4067
4068
4069
4070
4071
4072
4073
4074
4075
4076
4077
4078
4079
4080
4090
4094
4100
4101
4102
4103
4104
4105
4106
4107
4108
4109
4114
4117
4120
4125
4130
4131
4133
4135
4136
4137
4138
4139
4140
4141
4160
4163
4166
4167
4168
4169
4170
4171
4180
4200
4203
4220
4240
4260
4273
4280
4290
4300
4320
4321
4322
4323
4326
4327
4328
4329
4330
4331
4335
4340
4350
4360
4380
4397
4400
4415
4418
4420
4423
4425
4440
4460
4470
4471
4472
4474
4477
4480
4500
4520
4550
4551
4552
4553
4554
4555
4556
4557
4570
4574
4575
4577
4590
4600
4602
4605
4610
4630
4648
4650
4655
4656
4657
4660
4667
4670
4673
4675
4690
4710
4730
4731
4750
4770
4771
4780
4799
4800
4801
4802
4803
4804
4805
4806
4807
4820
4840
4845
4850
4860
4880
4881
4882
4883
4899
4900
4901
4902
4903
4904
4905
4906
4907
4908
4909
4910
4911
4920
4930
4931
4932
4949
4950
4951
4952
4953
4954
4955
4956
4957
4958
4999
5000
5001
5002
5003
5004
5005
5006
5011
5013
5020
5030
5040
5055
5060
5061
5066
5070
5080
5096
5100
5105
5115
5116
5117
5118
5120
5125
5127
5129
5130
5131
5132
5134
5140
5141
5142
5143
5144
5148
5150
5152
5153
5155
5160
5180
5197
5210
5212
5213
5214
5216
5218
5220
5230
5235
5237
5240
5245
5260
5280
5300
5303
5305
5308
5310
5311
5312
5313
5314
5315
5317
5318
5320
5321
5330
5337
5340
5350
5355
5360
5361
5370
5380
5381
5390
5395
5397
5400
5401
5402
5420
5428
5430
5440
5460
5480
5485
5490
5495
5499
5500
5505
5520
5525
5526
5527
5540
5541
5542
5543
5544
5545
5547
5548
5550
5560
5561
5568
5580
5581
5582
5583
5584
5590
5593
5600
5601
5602
5603
5604
5605
5606
5608
5609
5610
5611
5612
5613
5615
5616
5617
5619
5621
5624
5625
5630
5633
5640
5643
5645
5650
5652
5654
5656
5657
5658
5660
5670
5680
5690
5699
5700
5701
5702
5703
5704
5705
5706
5720
5723
5724
5728
5730
5735
5737
5740
5741
5742
5744
5748
5750
5760
5761
5790
5800
5801
5802
5803
5804
5805
5806
5815
5820
5821
5822
5830
5833
5840
5845
5860
5861
5870
5873
5875
5879
5880
5881
5882
5883
5884
5885
5887
5900
5905
5916
5920
5921
5922
5923
5928
5930
5934
5940
5950
5957
5960
5961
5968
5970
5975
5980
5990
5999
6000
6001
6002
6003
6004
6005
6006
6007
6008
6009
6010
6011
6012
6013
6020
6030
6045
6050
6070
6080
6085
6094
6100
6110
6112
6113
6115
6120
6137
6140
6160
6170
6180
6187
6200
6201
6207
6215
6220
6240
6241
6242
6243
6259
6260
6261
6262
6263
6264
6265
6266
6268
6270
6280
6290
6300
6301
6310
6330
6331
6332
6340
6350
6375
6376
6377
6378
6380
6390
6393
6395
6396
6397
6399
6400
6401
6410
6411
6413
6414
6415
6417
6420
6421
6428
6430
6432
6433
6436
6440
6460
6475
6480
6490
6499
6500
6501
6502
6503
6504
6505
6506
6507
6508
6509
6510
6511
6512
6513
6514
6515
6516
6517
6518
6519
6520
6521
6522
6523
6524
6525
6530
6540
6544
6545
6547
6548
6549
6550
6551
6552
6553
6554
6555
6556
6557
6558
6559
6560
6561
6562
6563
6564
6565
6566
6567
6568
6570
6572
6573
6575
6576
6578
6580
6590
6600
6610
6619
6620
6621
6622
6623
6624
6625
6626
6627
6628
6632
6637
6640
6642
6645
6650
6660
6670
6682
6690
6710
6715
6718
6720
6730
6750
6753
6755
6760
6780
6785
6787
6790
6791
6795
6799
6800
6801
6802
6803
6804
6805
6811
6814
6815
6817
6820
6822
6823
6825
6826
6830
6831
6832
6899
6900
6901
6902
6903
6904
6905
6906
6907
6908
6909
6910
6911
6912
6913
6914
6915
6916
6918
6927
6930
6934
6940
6950
7050
7051
7052
7053
7054
7055
7057
7058
7059
7060
7061
7062
7063
7064
7065
7067
7068
7069
7070
7380
7381
7382
7383
7384
7385
7386
7387
7388
7389
7390
7391
7392
7393
7394
7395
7396
7397
7398
7399
7400
7401
7402
7403
7404
7405
7516
7517
7955
7956
7957
7958
7963
7969
7971
7972
7973
7974
7975
7976
7979
7980
7981
7982
7983
7984
7985
7987
7988
7989
7990
7991
7992
9843
9900
9902
9905
9906
9907
9908
9909
9910
9911
9912
9913
9914
9915
9916
9917
9918
9919
9921
9922
9923
9924
9925
9926
9927
9929
9930
9932
9933
9934
9935
9936
9937
9938
9939
9940
9941
9942
9943
9944
9946
9948
9949
9952
9953
9954
9955
9957
9961
9962
9963
9964
9965
9966
9968
9969
9970
9971
9972
9973
9974
9975
9976
9977
9979
9980
9990
9991
9992
9993
9994
9995
9996
