0000
0040
0041
0042
0043
0044
0045
0046
0047
0048
0049
0050
0051
0052
0053
0054
0055
0056
0057
0058
0059
0060
0070
0071
0072
0073
0074
0075
0076
0077
0078
0079
0080
0081
0082
0083
0087
0089
0091
0092
0094
0095
0096
0104
0105
0106
0107
0108
0121
0122
0123
0124
0125
0128
0138
0200
0201
0202
0203
0204
0205
0206
0207
0208
0209
0210
0211
0212
0213
0214
0215
0216
0217
0218
0219
0220
0221
0222
0223
0224
0225
0226
0227
0228
0229
0230
0231
0232
0233
0234
0235
0236
0237
0238
0239
0240
0241
0242
0243
0244
0245
0246
0247
0248
0249
0250
0251
0252
0253
0254
0255
0256
0257
0258
0259
0260
0261
0262
0263
0264
0265
0266
0267
0268
0269
0270
0271
0272
0273
0274
0275
0276
0277
0278
0279
0280
0281
0282
0283
0284
0285
0286
0287
0288
0289
0290
0291
0292
0293
0294
0295
0297
0298
0299
0300
0301
0302
0303
0310
0311
0312
0313
0314
0315
0316
0399
0401
0402
0403
0404
0405
0406
0407
0408
0410
0411
0412
0413
0414
0415
0416
0417
0418
0419
0420
0421
0422
0423
0425
0426
0428
0429
0430
0432
0433
0498
0499
0500
0510
0512
0515
0516
0517
0521
0523
0526
0527
0531
0532
0540
0541
0542
0552
0553
0555
0592
0594
0640
0641
0642
0643
2043
2054
2070
2072
2122
2233
