0000
0001
0002
0003
0004
0005
0006
0007
0008
0009
0010
0011
0012
0013
0014
0015
0016
0017
0018
0019
0020
0021
0022
0023
0024
0025
0026
0027
0028
0029
0030
0031
0032
0033
0034
0035
0036
0037
0038
0039
0040
0041
0042
0043
0044
0045
0046
0047
0048
0049
0050
0051
0052
0053
0054
0055
0056
0057
0058
0059
0060
0061
0062
0063
0064
0065
0066
0067
0068
0069
0070
0071
0072
0073
0074
0075
0076
0077
0078
0079
0080
0081
0082
0083
0084
0085
0086
0087
0088
0089
0090
0091
0092
0093
0094
0095
0096
0097
0098
0099
0101
0102
0103
0104
0105
0106
0107
0108
0109
0110
0111
0112
0113
0114
0115
0116
0117
0118
0119
0120
0122
0123
0124
0125
0126
0127
0128
0129
0130
0131
0132
0133
0134
0135
0136
0137
0138
0139
0145
0146
0150
0151
0152
0154
0174
0195
0213
0224
0230
0237
0238
0244
0246
0247
0248
0250
0251
0253
0254
0256
0257
0261
0263
0265
0268
0270
0272
0273
0274
0277
0278
0285
0290
0292
0293
0294
0296
0297
0300
0301
0302
0303
0304
0305
0306
0307
0308
0309
0311
0313
0314
0315
0316
0319
0320
0321
0322
0323
0324
0325
0326
0327
0330
0331
0332
0333
0334
0335
0336
0337
0338
0340
0341
0342
0343
0344
0345
0346
0347
0348
0350
0351
0352
0353
0354
0355
0356
0358
0359
0362
0365
0368
0369
0371
0373
0374
0377
0378
0380
0381
0383
0385
0386
0387
0390
0391
0393
0394
0395
0397
0398
0399
0403
0409
0411
0412
0413
0416
0417
0418
0420
0421
0422
0424
0427
0429
0430
0432
0433
0435
0436
0437
0438
0440
0441
0442
0443
0444
0445
0448
0450
0451
0452
0453
0455
0457
0458
0459
0460
0461
0462
0463
0464
0466
0467
0468
0469
0470
0471
0472
0473
0475
0476
0478
0479
0481
0482
0484
0485
0486
0487
0489
0490
0491
0492
0493
0495
0496
0497
0498
0499
0500
0501
0502
0503
0505
0506
0507
0508
0509
0510
0511
0512
0513
0516
0517
0519
0520
0521
0523
0524
0527
0547
0548
0553
0554
0565
0566
0570
0571
0572
0573
0574
0575
0585
0628
0631
0635
0720
0729
0742
0760
0780
0783
0785
0787
0788
0789
0800
0801
0802
0803
0804
0850
0857
4229
5656
5663
5673
