0000
0001
0004
0005
0006
0010
0020
0025
0026
0027
0028
0030
0040
0050
0052
0055
0058
0060
0070
0075
0080
0082
0085
0086
0087
0088
0090
0100
0110
0120
0130
0132
0135
0138
0140
0145
0147
0150
0152
0153
0155
0156
0157
0158
0159
0160
0165
0170
0175
0178
0180
0183
0185
0186
0187
0190
0191
0192
0195
0200
0202
0210
0211
0212
0215
0216
0217
0218
0220
0223
0225
0227
0230
0240
0241
0242
0243
0244
0245
0246
0247
0248
0249
0250
0251
0252
0253
0254
0260
0263
0265
0268
0269
0270
0280
0285
0290
0293
0294
0295
0300
0301
0302
0303
0304
0305
0306
0307
0308
0309
0310
0311
0312
0313
0314
0315
0316
0317
0318
0319
0320
0321
0322
0323
0328
0329
0330
0331
0332
0333
0335
0340
0350
0360
0361
0370
0380
0385
0386
0390
0395
0400
0405
0406
0410
0420
0430
0440
0445
0450
0451
0452
0453
0455
0460
0470
0473
0475
0478
0479
0480
0490
0495
0500
0505
0508
0509
0510
0511
0512
0513
0514
0515
0516
0520
0521
0522
0524
0525
0530
0540
0542
0545
0546
0548
0550
0555
0560
0565
0570
0571
0572
0580
0590
0640
0646
0647
0648
0649
0650
0651
0652
0653
0654
0655
0656
0657
0658
0659
0660
0661
0662
0663
0702
0703
0704
0705
0706
0714
0720
0721
0722
0723
0724
0730
0731
0732
0736
0740
0741
0742
0750
0751
0760
0769
0770
0900
5101
5102
5103
5104
5105
5106
5107
5108
5109
5110
5111
5112
5113
5114
5115
5116
5117
5118
5162
9568
9569
9720
9776
9790
9861
9863
9865
9866
9867
9880
