0000
0099
0796
0988
0990
0991
0995
0996
1058
1084
1092
1095
1995
7001
7002
7003
7004
7005
7007
7010
7011
7012
7017
7018
7019
7020
7023
7024
7025
7027
7030
7032
7033
7034
7035
7036
7037
7038
7039
7040
7041
7042
7043
7044
7045
7046
7047
7048
7050
7051
7052
7053
7054
7055
7056
7057
7059
7060
7061
7062
7063
7064
7065
7066
7067
7069
7070
7071
7072
7073
7074
7075
7076
7077
7078
7079
7080
7081
7082
7083
7084
7085
7086
7087
7088
7089
7090
7091
7092
7093
7094
7095
7096
7097
7098
7099
7100
7101
7102
7104
7105
7106
7107
7108
7109
7110
7111
7112
7113
7114
7115
7116
7117
7118
7121
7127
7128
7129
7130
7131
7132
7133
7134
7135
7136
7137
7138
7139
7140
7211
7212
7272
7500
7600
7700
7706
7708
7710
7727
7754
7755
7757
7758
7759
7762
7777
7800
7971
7998
9995
