0000
0001
0002
0004
0006
0007
0008
0009
0010
0011
0012
0013
0014
0015
0016
0017
0019
0020
0021
0022
0023
0024
0025
0026
0027
0028
0032
0033
0034
0035
0036
0037
0038
0039
0040
0041
0042
0045
0047
0048
0049
0050
0051
0052
0056
0057
0058
0059
0060
0061
0062
0063
0064
0065
0066
0067
0068
0070
0071
0072
0073
0074
0075
0076
0077
0078
0079
0080
0081
0082
0083
0084
0085
0086
0087
0088
0089
0090
0091
0092
0093
0094
0095
0096
0097
0098
0099
0101
0102
0103
0104
0105
0106
0107
0108
0109
0110
0111
0112
0113
0114
0115
0116
0117
0118
0119
0120
0121
0122
0123
0124
0125
0126
0127
0128
0203
0209
0212
0213
0214
0216
0217
0220
0221
0222
0225
0227
0228
0229
0230
0231
0232
0233
0234
0235
0247
0249
0250
0251
0253
0254
0255
0256
0257
0258
0259
0261
0262
0263
0264
0265
0266
0267
0268
0269
0272
0276
0280
0283
0296
0297
0298
0301
0303
0308
0310
0315
0316
0317
0319
0320
0981
1008
