0000
0510
0512
0521
0523
0526
0527
0541
0552
0555
0592
0594
0642
3001
3002
3003
3004
3005
3006
3007
3008
3009
3011
3012
3013
3014
3015
3016
3017
3018
3020
3021
3022
3023
3024
3025
3026
3027
3028
3029
3030
3031
3032
3033
3035
3036
3037
3038
3039
3040
3041
3042
3043
3044
3045
3046
3047
3048
3049
3050
3051
3052
3053
3054
3055
3056
3057
3058
3059
3060
3061
3062
3063
3064
3065
3066
3067
3068
3069
3070
3071
3072
3073
3074
3075
3076
3077
3078
3080
3085
3086
3088
3089
3090
3091
3092
3096
3500
3901
3902
3903
3904
3905
3990
3991
3992
3993
3994
3996
3997
3998
