0000
0029
0046
0796
0995
0996
1092
1095
2809
2810
2811
2812
2813
2814
2815
2816
2817
2818
2819
2820
2821
2822
2823
2824
2825
2826
2827
2828
2829
2830
2831
2832
2833
2834
2835
2836
2837
2838
2839
2841
2842
2843
2844
2845
2846
2847
2848
2849
2851
2852
2853
2854
2855
2856
2857
2858
2859
2860
2861
2862
2863
2864
2865
2866
2867
2868
2869
2870
2871
2872
2873
2874
2875
2876
2877
2878
2879
2880
2881
2882
2883
2884
2885
2886
2887
2888
2889
2890
2891
2892
2893
2894
2895
2896
2897
2898
2899
2905
2906
2907
2908
2909
2910
2911
2912
2913
2914
2915
2916
2917
2918
2919
2920
2921
2922
2923
2924
2925
2926
2927
2928
2929
2932
2933
2934
2935
2936
2937
2938
2939
2941
2943
2949
2957
2958
2959
2960
2961
2980
2981
2982
2983
2984
3011
3062
3319
3321
3322
3323
3324
3325
3326
3327
3344
3345
3346
3347
3348
3349
3350
3351
3352
3353
3354
3355
3356
3357
3358
3359
3361
3362
3363
3364
3365
3366
3367
3368
3369
3370
3371
3372
3373
3374
3375
3376
3377
3378
3379
3380
3381
3382
3383
3384
3385
3386
3387
3388
3389
3390
3391
3392
3393
3394
3395
3396
3542
3543
3552
3553
3554
3556
3557
3558
3559
3561
3562
3563
7414
7611
7612
9200
9201
9202
9203
9204
9205
9206
9207
9208
9209
9210
9211
9212
9213
9214
9215
9216
9217
9218
9219
9220
9221
9222
9223
9224
9225
9226
9227
9228
9229
9230
9231
9232
9233
9234
9235
9236
9237
9238
9239
9240
9241
9242
9243
9245
9246
9247
9248
9249
9250
9251
9252
9253
9254
9255
9256
9257
9258
9259
9260
9261
9262
9263
9264
9265
9266
9267
9268
9269
9270
9271
9272
9273
9274
9275
9276
9277
9278
9279
9280
9281
9282
9283
9284
9285
9286
9287
9288
9289
9290
9291
9292
9293
9294
9295
9296
9297
9298
9302
9431
9432
9433
9434
9435
9436
9437
9438
9439
9440
9441
9442
9443
9444
9445
9446
9447
9448
9449
9450
9451
9452
9453
9454
9455
9456
9457
9458
9459
9460
9461
9462
9463
9464
9465
9466
9467
9468
9469
9470
9471
9472
9473
9474
9475
9476
9477
9478
9479
9480
9481
9482
9483
9484
9485
9486
9487
9488
9489
9490
9491
9492
9493
9494
9495
9496
9497
9498
9499
9502
9503
9504
9507
9508
9512
9514
9517
9518
9519
9520
9521
9522
9526
9550
9551
9552
9553
9554
9555
9556
9557
9558
9560
9561
9562
9563
9564
9565
9566
9567
9568
9569
9570
9572
9573
9574
9575
9576
9578
9581
9582
9583
9584
9585
9586
9587
9589
9590
9591
9592
9593
9594
9595
9596
9597
9598
9599
9901
9903
9910
9914
9916
9919
9920
9928
9931
9933
9939
9945
9947
9950
9951
9952
9956
9958
9959
9960
9967
9968
9978
9981
9982
9984
9985
9986
9987
9989
9995
9997
