0000
2101
2102
2103
2104
2105
2106
2107
2108
2109
2110
2111
2112
2113
2114
2115
2116
2117
2118
2119
2120
2121
2122
2123
2124
2125
2126
2128
2129
2130
2131
2132
2133
2134
2135
2136
2137
2138
2139
2140
2141
2142
2143
2144
2200
2201
2202
2225
2290
2294
2300
2301
2302
2303
2304
2306
2307
2309
2310
2311
2312
2313
2314
2315
2318
2319
2320
2321
2322
2323
2324
2325
2327
2328
2329
2330
2331
2336
2337
2339
2340
2341
2342
2343
2344
2345
2346
2347
2348
2349
2350
2400
2401
2500
2501
2502
2503
2600
2601
2602
2604
2605
2606
2608
2609
2610
2611
2612
2613
2614
2615
2616
2700
2701
2702
2703
2704
2705
2706
2707
2708
2709
2710
2711
2720
2721
2800
2801
2802
2803
2804
2805
2806
2807
2900
2911
2936
2970
2972
2974
2991
2992
2993
2994
2995
2997
2999
