0000
0001
0002
0003
0004
0005
0006
0007
0008
0009
0010
0011
0012
0014
0015
0016
0017
0018
0019
0020
0021
0022
0023
0024
0025
0026
0028
0030
0031
0033
0034
0035
0037
0038
0039
0040
0041
0042
0043
0044
0045
0046
0047
0048
0049
0091
0095
0096
0097
0098
0099
4001
4002
4003
4004
4005
4006
4007
4008
4009
4010
4011
4012
4014
4015
4016
4017
4018
4019
4020
4021
4022
4023
4024
4025
4026
4028
4030
4031
4033
4034
4035
4037
4038
4039
4040
4041
4042
4043
4044
4045
4046
4047
4048
4049
4050
4051
4052
4053
4054
4055
4056
4057
4058
4059
4060
4080
4500
4894
4895
4896
4897
4990
4991
4992
4993
4994
4995
4996
4997
4998
4999
