0000
0100
0101
0102
0103
0104
0105
0106
0107
0110
0121
0122
0123
0124
0125
0126
0127
0128
0129
0130
0131
0132
0133
0134
0135
0136
0137
0138
0141
0160
0161
0162
0168
0169
0175
0177
0178
0179
0180
0181
0182
0183
0184
0185
0186
0187
0188
0189
0190
0191
0192
0193
0194
0195
0196
0197
0198
0199
0300
0301
0302
0303
0304
0305
0306
0307
0308
0309
0310
0311
0312
0313
0314
0315
0316
0317
0318
0319
0320
0321
0322
0323
0324
0325
0326
0327
0328
0329
0330
0331
0332
0333
0334
0335
0336
0337
0338
0339
0340
0341
0342
0343
0344
0345
0346
0347
0348
0349
0350
0351
0352
0353
0354
0355
0356
0357
0358
0359
0360
0361
0362
0363
0364
0365
0366
0367
0368
0369
0370
0371
0372
0373
0374
0375
0376
0377
0378
0379
0380
0381
0382
0383
0384
0385
0386
0387
0388
0389
0390
0391
0392
0393
0394
0395
0396
0397
0398
0399
0400
0504
0505
0506
0511
0515
0519
0521
0522
0525
0535
0539
0540
0542
0544
0546
0549
0553
0555
0556
0557
0558
0559
0560
0561
0578
0588
0594
0599
0700
0701
0711
0712
0715
0717
0718
0719
0720
0726
0728
0729
0730
0731
0735
0743
0744
0748
0750
0752
0755
0764
0765
0766
0767
0768
0772
0773
0774
0775
0776
0777
0778
0784
0785
0786
0787
0792
0793
0794
0795
0796
0798
0799
0800
0801
0802
0810
0850
0870
0885
0889
0890
0891
0892
0895
0896
0899
0900
0901
0904
0909
0915
0916
0925
0940
0950
0970
0991
0992
0993
0994
0995
0996
0997
0998
0999
