0000
0099
0600
0602
0604
0605
0606
0610
0612
0613
0615
0617
0618
0619
0620
0621
0625
0626
0646
0683
0684
0700
0703
0704
0724
0796
0814
0838
0839
0840
0851
0854
0988
0991
0994
0995
0996
1092
1095
1995
5751
5752
5753
5754
5755
5756
5757
5758
5760
5761
5763
5764
5765
5766
5767
5768
5769
5770
5771
5772
5775
5776
5777
5778
5779
5780
5781
5783
5784
5785
5786
5787
5790
5791
5794
5795
5796
5797
5798
5799
5801
5802
5809
5810
5811
5812
5813
5814
5816
5817
5818
5819
5823
5824
5825
5826
5827
5828
5829
5831
5832
5834
5835
5836
5837
5838
5839
5841
5842
5843
5844
5846
5847
5848
5849
5850
5851
5852
5853
5854
5855
5856
5857
5858
5859
5862
5865
5866
5867
5869
5874
5876
5877
5878
5886
5889
5892
5893
5901
5902
5903
5904
5905
5906
5907
5908
5909
5910
5911
5912
5913
5915
5958
5990
5991
5992
5993
5994
5995
5996
5997
5998
6101
