0000
0001
0002
0003
0004
0005
0006
0007
0008
0009
0010
0011
0012
0013
0014
0015
0016
0017
0018
0019
0020
0021
0022
0023
0024
0025
0026
0028
0030
0035
0036
0037
0038
0039
0040
0041
0042
0043
0044
0045
0046
0047
0048
0049
0050
0051
0052
0053
0054
0055
0056
0057
0058
0062
0091
0092
0093
0094
0098
0099
0100
0569
6500
6522
6523
6528
6538
6539
6540
6541
6542
6543
6544
6545
6546
6547
6548
6549
6550
6551
6552
6553
6554
6555
6556
6557
6558
6559
6560
6561
6562
6563
6564
6567
6568
6569
6571
6573
6590
6592
6597
6601
6602
6603
6850
6851
6852
9098
9790
9792
9861
9863
9865
9867
9870
9880
9890
