0000
0001
0002
0003
0004
0005
0007
0008
0009
0101
0102
0104
0105
0106
0107
0112
0201
0202
0204
0205
0301
0302
0304
0305
0401
0402
0501
0502
0601
0602
0701
0702
0801
0819
0820
0830
0831
0850
0860
0870
0901
1001
1101
1201
1301
1401
1501
2002
2003
2004
2005
2006
2007
2008
2009
3002
3004
3006
3008
5001
5002
5004
7001
8001
8002
8003
8004
8005
8006
8007
8011
8016
8018
8019
8020
8022
8023
8028
8029
8030
8031
8032
8034
8035
8036
8037
8038
8039
8040
8041
8042
8043
8044
8045
8046
8047
8048
8051
8054
8055
8061
8062
8064
8065
8066
8067
8068
8069
8070
8072
8073
8074
8075
8076
8077
8082
8083
8084
8087
8088
8089
8090
8092
8094
8095
8101
8103
8104
8105
8106
8107
8108
8109
8111
8112
8116
8119
8121
8123
8126
8127
8128
8130
8131
8132
8133
8134
8135
8138
8142
8143
8145
8200
8202
8203
8204
8205
8206
8207
8208
8209
8211
8212
8213
8214
8215
8216
8217
8218
8220
8221
8222
8223
8224
8225
8226
8227
8228
8229
8230
8231
8232
8233
8234
8235
8236
8237
8238
8239
8240
8241
8242
8243
8244
8245
8247
8248
8249
8250
8251
8252
8253
8254
8255
8256
8257
8258
8259
8262
8263
8264
8265
8267
8268
8269
9001
9002
9003
9005
9008
9010
9901
9902
9903
