0000
0001
0002
0003
0004
0012
0014
0020
0026
0027
0038
0041
0043
0044
0045
0046
0047
0050
0052
0054
0055
0056
0058
0059
0060
0061
0062
0063
0064
0065
0066
0067
0068
0069
0070
0071
0072
0073
0074
0075
0076
0077
0078
0079
0080
0081
0082
0083
0084
0086
0088
0089
0091
0092
0093
0094
0095
0097
0098
0099
0100
0101
0102
0103
0104
0105
0106
0107
0108
0109
0110
0111
0112
0113
0114
0115
0116
0117
0118
0119
0120
0121
0122
0123
0124
0125
0126
0127
0128
0129
0130
0131
0132
0133
0134
0135
0136
0137
0138
0139
0140
0141
0142
0143
0144
0145
0146
0147
0148
0149
0150
0151
0152
0153
0154
0155
0156
0157
0158
0159
0160
0161
0162
0163
0164
0165
0166
0700
0800
0801
0802
0803
0804
0805
0806
0807
0808
0809
0810
0811
0812
0813
0814
0815
0816
0817
0820
0821
0822
0824
0825
0826
0827
0828
0829
0830
0831
0832
0833
0834
0835
0836
0837
0838
0839
0840
0841
0842
0843
1600
1601
1602
1603
1604
1605
1606
1607
1608
1609
1610
1611
1612
1613
1615
1616
1617
1618
1619
1621
1622
1624
1625
1626
1628
1629
1631
1632
1633
1635
1636
1639
1640
1641
1642
1644
1645
1646
1647
1648
1649
1650
1652
1653
1654
1655
1656
1658
1660
1661
1662
1663
1665
1666
1669
1671
1672
1673
1674
1675
1676
1679
1680
1682
1683
1685
1686
1687
1688
1689
1690
1691
1692
1693
1694
1695
1696
1697
1698
1699
6001
6002
6003
6004
6005
6006
6007
6009
6010
6011
6012
6014
6015
6016
6017
6018
6019
6020
6021
6022
6023
6024
