0000
0512
0522
0523
0526
0527
0541
0552
0555
0642
1802
3900
3901
3902
3903
3904
3905
3906
3907
3908
3909
3910
3911
3912
3913
3914
3915
3916
3917
3918
3919
3920
3921
3922
3923
3924
3925
3926
3927
3928
3929
3930
3931
3932
3933
3934
3936
3937
3938
3939
3940
3941
3942
3943
3944
3945
3946
3998
3999
6835
6838
6840
6841
6842
6843
6844
6845
6846
6847
6848
6850
6851
6852
6853
6854
6855
6856
6858
6859
6860
6861
6862
6863
6864
6866
6868
6871
6872
6873
6875
6876
6877
6878
6881
6882
6883
6884
6885
6886
6887
6888
6889
6890
6891
6892
6893
6897
6898
6900
6901
6902
6903
6904
6905
6906
6907
6908
6911
6913
6914
6915
6916
6917
6918
6919
6920
6921
6923
6924
6925
6926
6927
6928
6929
6930
6931
6932
6933
6934
6935
6936
6937
6938
6939
6940
6941
6942
6943
6946
6947
6948
6950
6951
6952
6953
6954
6955
6956
6957
6958
6959
6960
6961
6963
6964
6965
6966
6967
6968
6969
6970
6971
6972
6973
6974
6975
6976
6977
6978
6979
6980
6981
6982
6983
6984
6985
6986
6987
6988
6989
6990
6991
6992
6993
6995
6996
6997
6998
6999
