0000
0796
0995
0996
1095
6001
6005
6006
6008
6009
6010
6013
6016
6019
6021
6023
6024
6025
6026
6027
6028
6029
6030
6031
6032
6033
6034
6035
6036
6037
6038
6039
6040
6041
6042
6043
6044
6045
6046
6047
6048
6049
6050
6051
6052
6053
6054
6055
6056
6057
6058
6059
6060
6061
6062
6063
6064
6065
6066
6067
6068
6070
6072
6073
6074
6075
6076
6077
6078
6079
6080
6081
6082
6083
6085
6086
6087
6088
6089
6092
6093
6098
6099
6102
6103
6105
6106
6112
6125
6135
6138
6141
6146
6148
6149
6152
6159
6162
6164
6175
6177
6180
6181
6182
6183
6184
6185
6200
6450
6451
6452
6453
6454
6455
6456
6457
6458
6459
6460
6461
6463
6464
6465
6466
6467
6468
6472
6473
6480
6482
6483
6484
6485
6486
6490
7507
