0000
0001
0002
0003
0004
0005
0006
0007
0008
0009
0010
0011
0012
0013
0014
0015
0016
0017
0018
0019
0020
0021
0022
0023
0024
0025
0026
0027
0028
0029
0030
0031
0032
0034
0035
0036
0039
0040
0041
0042
0043
0044
0045
0046
0047
0048
0049
0050
0051
0052
0053
0054
0055
0056
0057
0058
0059
0060
0061
0062
0063
0064
0065
0066
0067
0068
0069
0070
0071
0072
0073
0074
0075
0076
0077
0078
0099
0190
0205
0206
0208
0213
0214
0223
0226
0227
0228
0230
0233
0246
0301
0304
0305
0306
0307
0308
0309
0315
0316
0317
0318
0321
0322
0323
0324
0325
0326
0327
0328
0329
0342
0343
0344
0703
0708
0712
0717
0725
0728
0743
0940
5977
