0000
0001
0002
0003
0004
0005
0006
0007
0009
0010
0011
0012
0013
0014
0015
0016
0017
0018
0019
0020
0021
0022
0023
0024
0025
0026
0027
0028
0029
0030
0031
0032
0033
0034
0035
0036
0037
0038
0039
0040
0041
0042
0043
0044
0045
0046
0047
0048
0049
0050
0051
0052
0053
0054
0055
0056
0057
0058
0059
0060
0061
0062
0063
0064
0065
0066
0067
0068
0069
0070
0071
0072
0073
0074
0075
0076
0077
0078
0079
0080
0081
0082
0085
0090
0091
0092
0095
0100
0101
0110
0111
0120
0130
0140
0141
0145
0146
0150
0151
0153
0161
0170
0180
0181
0182
0200
0201
0202
0210
0230
0233
0234
0240
0243
0244
0250
0260
0261
0262
0270
0280
0290
0295
0300
0301
0302
0303
0308
0309
0310
0312
0313
0314
0315
0316
0317
0319
0320
0321
0330
0340
0341
0342
0343
0350
0351
0352
0353
0354
0355
0356
0357
0360
0361
0362
0370
0380
0381
0382
0390
0391
0393
0394
0395
0396
0397
0400
0401
0402
0403
0404
0405
0430
0431
0432
0440
0460
0480
0500
0501
0502
0503
0504
0505
0506
0507
0508
0509
0510
0511
0512
0513
0514
0515
0516
0517
0518
0519
0520
0521
0522
0523
0524
0525
0526
0528
0530
0531
0532
0533
0534
0536
0537
0538
0539
0540
0541
0542
0543
0544
0545
0546
0550
0553
0554
0555
0556
0557
0558
0560
0570
0573
0574
0575
0576
0577
0580
0581
0582
0590
0592
0593
0595
0600
0601
0602
0603
0604
0605
0606
0607
0608
0609
0620
0621
0623
0624
0625
0626
0627
0629
0630
0631
0635
0637
0638
0639
0640
0641
0642
0643
0644
0645
0646
0647
0648
0649
0650
0651
0660
0661
0662
0664
0670
0680
0681
0690
0700
0701
0702
0703
0704
0720
0723
0725
0730
0733
0734
0735
0737
0740
0741
0750
0751
0752
0753
0760
0770
0780
0781
0782
0783
0784
0787
0788
0789
0790
0791
0792
0793
0794
0795
0796
0797
0798
0799
0800
0801
0802
0803
0810
0812
0813
0815
0820
0822
0850
0851
0852
0860
0864
0866
0867
0868
0870
0876
0878
0885
0892
0899
0900
0903
0947
0955
0969
0990
0991
0993
0994
0995
0997
3000
3001
3008
3011
3012
3021
3022
3023
3024
3025
3026
3027
3028
3029
3030
3031
3032
3041
3042
3043
3044
3045
3046
3047
3048
3049
3051
3052
3053
3054
3061
3062
3071
3072
3073
3074
3075
3076
3077
3078
3079
3080
3081
3082
3083
3084
3085
3086
3087
3088
3089
3090
3091
3092
3093
3094
3095
3096
3097
3101
3102
3103
3111
3112
3113
3114
3115
3116
3117
3121
3122
3123
3124
3125
3126
3127
3128
3131
3132
3133
3134
3135
3136
3137
3138
3141
3142
3143
3144
3145
3146
3147
3148
3149
3151
3152
3153
3154
3155
3156
3161
3162
3163
3164
3165
3166
3167
3168
3169
3170
3171
3172
3181
3182
3191
3192
3193
3194
3195
3196
3197
3211
3212
3213
3214
3215
3216
3217
3218
3219
3221
3231
3232
3233
3234
3235
3241
3242
3243
3244
3245
3246
3251
3252
3253
3254
3261
3262
3271
3272
3273
3274
3281
3282
3284
3285
3286
3287
3288
3289
3290
3291
3292
3293
3294
3295
3296
3297
3298
3299
3300
3301
3302
3303
3304
3305
3306
3307
3308
3309
3310
3311
3312
3313
3321
3322
3331
3332
3333
3334
3341
3342
3343
3344
3345
3346
3347
3348
3349
3350
3351
3352
3353
3354
3355
3356
3357
3361
3371
3372
3381
3382
3383
3384
3385
3386
3387
3388
3389
3390
3391
3401
3402
3403
3404
3405
3406
3407
3408
3409
3410
3411
3421
3422
3423
3424
3425
3431
3432
3434
3441
3442
3443
3444
3445
3451
3452
3453
3454
3455
3456
3457
3458
3459
3460
3462
3463
3464
3465
3466
3467
3468
3469
3470
3471
3472
3473
3474
3475
3476
3477
3478
3479
3480
3481
3482
3491
3492
3493
3494
3495
3496
3497
3498
3499
3500
3501
3502
3503
3531
3532
3533
3534
3541
3542
3601
3602
3603
3604
3605
3606
3607
3608
3609
3610
3611
3612
3613
3614
3615
3616
3617
3618
3619
3620
3621
3622
3623
3624
3625
3626
3627
3628
3629
3630
3631
3632
3633
3634
3635
3636
3637
3638
3639
3640
3641
3642
3643
3644
3645
3646
3647
3648
3649
3650
3651
3652
3653
3654
3655
3656
3657
3658
3659
3660
3661
3662
3663
3664
3665
3666
3667
3668
3669
3670
3671
3672
3691
3692
3693
3694
3695
3696
3697
3698
3699
3700
3701
3702
3703
3704
3705
3706
3707
3708
3709
3710
3711
3712
3713
3714
3715
3718
3731
3732
3733
3734
3735
3736
3751
3752
3753
3754
3755
3756
3757
3766
3771
3772
3773
3774
3775
3776
3777
3778
3779
3780
3784
3791
3792
3793
3794
3795
3811
3812
3813
3831
3851
3852
3861
3862
3863
3864
3865
3866
3871
3872
3873
3874
3875
3876
3877
3899
3901
4415
4820
6001
6002
6003
6004
6005
6006
6007
6008
6009
6010
6011
6012
6013
6014
6015
6016
6017
6018
6019
6020
6021
6022
6023
6024
6025
6026
6027
6028
6029
6030
6031
6032
6033
6034
6035
6036
6037
6038
6040
6041
6042
6043
6044
6045
6046
6050
6060
6061
6101
6102
6103
6201
6202
6234
6301
6310
6340
6360
6361
6380
6381
6382
6402
6403
6404
6405
6406
6430
6431
6501
6502
6503
6504
6505
6506
6507
6508
6509
6510
6511
6512
6513
6514
6515
6516
6517
6518
6519
6570
6580
6581
6582
6601
6602
6623
6624
6625
6626
6631
6632
6640
6641
6642
6650
6651
6652
6653
6660
6680
6681
6682
6683
6684
6701
6702
6703
6730
6740
6750
6751
6780
6801
6802
6803
6804
6805
6806
6807
6808
6809
6810
6811
6849
6850
6851
6852
6853
6855
6856
7000
7001
7002
7003
7004
7005
7006
7007
7008
7009
8700
9001
9002
9003
9004
9005
9007
9009
9010
9011
9012
9014
9016
9018
9020
9023
9030
9034
9036
9038
9040
9043
9050
9055
9058
9060
9063
9065
9070
9073
9074
9075
9078
9080
9085
9200
9201
9205
9210
9211
9212
9214
9218
9223
9230
9231
9232
9233
9234
9238
9240
9250
9251
9252
9253
9255
9258
9260
9262
9263
9264
9265
9267
9270
9273
9278
9280
9285
9311
9400
9404
9405
9406
9407
9409
9411
9413
9420
9421
9431
9433
9434
9435
9437
9444
9446
9451
9453
9454
9455
9456
9457
9462
9463
9464
9469
9471
9474
9476
9478
9480
9481
9800
