0000
0002
0003
0004
0005
0006
0007
0008
0009
0010
0011
0012
0014
0017
0018
0019
0020
0021
0022
0024
0025
0026
0027
0028
0029
0030
0031
0032
0033
0034
0035
0036
0037
0038
0039
0040
0041
0042
0043
0044
0045
0046
0047
0050
0053
0054
0055
0056
0057
0059
0060
0061
0062
0064
0065
0066
0067
0068
0069
0070
0071
0073
0074
0075
0076
0077
0078
0079
0080
0081
0082
0083
0085
0086
0089
0090
0091
0092
0093
0094
0096
0097
0098
0099
0100
0101
0102
0103
0104
0105
0106
0107
0108
0109
0110
0111
0112
0113
0114
0115
0116
0117
0118
0119
0120
0121
0122
0123
0124
0125
0126
0127
0128
0129
0130
0131
0132
0133
0134
0135
0136
0137
0138
0139
0140
0141
0142
0143
0144
0145
0147
0148
0150
0151
0152
0153
0154
0155
0156
0157
0158
0159
0160
0162
0163
0164
0165
0166
0167
0168
0169
0170
0172
0174
0175
0176
0177
0178
0179
0180
0181
0182
0183
0184
0185
0186
0187
0188
0189
0190
0191
0192
0193
0194
0195
0196
0197
0198
0199
0200
0201
0202
0203
0204
0205
0206
0207
0208
0209
0210
0211
0212
0213
0214
0215
0216
0217
0218
0219
0220
0221
0222
0223
0224
0225
0226
0227
0228
0229
0230
0231
0232
0233
0234
0235
0236
0237
0238
0239
0240
0241
0242
0243
0244
0245
0246
0247
0248
0249
0250
0251
0252
0253
0254
0255
0256
0257
0258
0259
0262
0263
0264
0265
0266
0267
0268
0269
0270
0271
0272
0273
0274
0275
0276
0277
0278
0279
0280
0281
0282
0283
0284
0285
0286
0287
0288
0289
0290
0291
0292
0293
0294
0295
0296
0297
0298
0299
0300
0301
0302
0303
0304
0305
0306
0307
0308
0309
0310
0311
0312
0313
0314
0315
0316
0317
0318
0319
0320
0321
0322
0323
0324
0325
0326
0327
0328
0329
0330
0331
0332
0333
0334
0335
0336
0337
0338
0339
0340
0341
0342
0344
0346
0347
0348
0349
0350
0351
0352
0353
0354
0355
0356
0357
0358
0360
0361
0362
0363
0364
0365
0366
0367
0368
0369
0370
0371
0372
0373
0374
0375
0376
0377
0379
0380
0381
0382
0383
0384
0385
0386
0387
0388
0389
0390
0391
0392
0393
0394
0395
0396
0398
0399
0400
0401
0402
0403
0404
0405
0406
0407
0408
0409
0410
0411
0412
0413
0414
0415
0416
0417
0418
0419
0420
0421
0422
0423
0424
0425
0426
0427
0428
0429
0430
0431
0432
0433
0434
0435
0436
0437
0438
0439
0440
0441
0442
0443
0444
0445
0446
0447
0448
0449
0450
0451
0452
0453
0454
0455
0456
0457
0458
0459
0460
0461
0462
0463
0464
0465
0466
0467
0468
0470
0471
0472
0473
0474
0475
0476
0477
0478
0479
0480
0481
0482
0483
0484
0485
0486
0487
0488
0489
0490
0491
0492
0493
0494
0495
0496
0497
0498
0499
0500
0501
0502
0503
0504
0505
0506
0507
0508
0509
0510
0511
0512
0513
0514
0515
0516
0517
0518
0519
0520
0521
0522
0523
0524
0525
0526
0527
0528
0529
0530
0531
0532
0533
0534
0535
0536
0537
0538
0539
0540
0541
0542
0543
0544
0545
0546
0547
0548
0549
0550
0551
0552
0553
0554
0555
0556
0558
0559
0560
0561
0562
0563
0564
0565
0566
0567
0568
0569
0570
0571
0572
0573
0574
0575
0576
0577
0578
0579
0580
0581
0582
0583
0584
0585
0586
0587
0588
0589
0590
0591
0592
0593
0594
0595
0596
0597
0598
0599
0600
0601
0602
0603
0604
0605
0606
0607
0608
0609
0610
0611
0612
0613
0614
0615
0616
0617
0618
0619
0620
0621
0622
0623
0624
0625
0626
0627
0628
0629
0630
0631
0632
0633
0634
0635
0636
0637
0638
0639
0640
0641
0642
0643
0644
0645
0646
0647
0648
0649
0650
0651
0652
0653
0654
0655
0656
0657
0658
0659
0660
0661
0662
0663
0664
0666
0667
0668
0669
0670
0672
0673
0674
0676
0677
0678
0679
0680
0681
0682
0683
0684
0685
0686
0687
0689
0690
0691
0692
0693
0694
0695
0696
0697
0698
0699
0700
0701
0702
0703
0704
0705
0706
0708
0709
0710
0712
0714
0715
0716
0717
0718
0719
0720
0721
0722
0723
0724
0725
0726
0727
0728
0730
0731
0732
0733
0734
0735
0736
0737
0738
0739
0740
0741
0742
0743
0744
0745
0746
0747
0748
0749
0750
0751
0752
0753
0755
0756
0757
0758
0759
0760
0761
0762
0763
0764
0765
0766
0767
0768
0769
0770
0771
0772
0773
0774
0775
0776
0777
0779
0780
0781
0782
0783
0784
0785
0786
0787
0789
0790
0791
0792
0793
0794
0795
0796
0800
0801
0802
0803
0804
0805
0806
0807
0808
0809
0810
0811
0812
0813
0814
0815
0816
0817
0819
0820
0821
0822
0823
0824
0825
0827
0828
0829
0830
0831
0832
0833
0834
0835
0836
0837
0838
0839
0840
0841
0842
0843
0844
0845
0846
0847
0849
0850
0851
0852
0855
0856
0857
0858
0859
0860
0861
0862
0863
0864
0865
0866
0867
0868
0869
0870
0871
0872
0873
0874
0875
0876
0877
0878
0879
0881
0883
0887
0888
0889
0890
0891
0892
0893
0894
0896
0897
0899
0900
0901
0902
0903
0904
0905
0906
0907
0908
0909
0910
0911
0912
0913
0914
0915
0916
0917
0918
0919
0920
0921
0922
0923
0924
0925
0926
0927
0928
0929
0930
0931
0932
0933
0934
0935
0936
0937
0938
0939
0940
0941
0942
0943
0944
0945
0946
0947
0948
0949
0950
0951
0952
0953
0954
0955
0956
0957
0958
0959
0960
0961
0962
0963
0964
0965
0966
0967
0968
0969
0970
0971
0972
0973
0974
0975
0976
0977
0978
0979
0980
0981
0982
0983
0984
0985
0988
0989
0990
0991
0992
0993
0994
0995
0996
0997
0998
0999
1000
1001
1002
1003
1004
1005
1006
1007
1008
1009
1010
1011
1012
1013
1014
1015
1016
1017
1018
1019
1020
1021
1022
1023
1024
1025
1026
1027
1028
1029
1030
1031
1032
1033
1034
1035
1036
1037
1038
1039
1040
1041
1042
1043
1044
1045
1046
1047
1048
1049
1050
1051
1052
1053
1054
1055
1056
1057
1058
1059
1060
1062
1063
1064
1066
1067
1068
1069
1070
1071
1072
1073
1074
1075
1076
1077
1078
1079
1080
1081
1082
1083
1084
1086
1087
1088
1092
1093
1094
1095
1096
1097
1098
1099
1100
1101
1103
1104
1105
1106
1107
1108
1109
1110
1111
1112
1113
1114
1115
1116
1117
1118
1119
1120
1121
1122
1123
1124
1125
1128
1129
1130
1132
1133
1134
1135
1136
1137
1138
1139
1140
1141
1142
1143
1144
1145
1146
1147
1148
1149
1150
1151
1152
1153
1154
1155
1156
1157
1158
1159
1160
1161
1162
1163
1167
1168
1169
1170
1171
1172
1173
1174
1175
1176
1177
1178
1179
1180
1181
1182
1183
1184
1185
1186
1187
1189
1190
1191
1192
1193
1194
1195
1196
1197
1198
1199
1200
1201
1202
1203
1204
1206
1207
1208
1209
1210
1211
1213
1214
1215
1216
1217
1218
1219
1220
1221
1222
1223
1224
1225
1226
1227
1228
1230
1231
1232
1233
1234
1235
1236
1237
1238
1239
1240
1241
1242
1244
1245
1246
1247
1248
1249
1250
1251
1252
1254
1255
1256
1257
1258
1259
1260
1261
1262
1263
1264
1265
1268
1269
1270
1271
1272
1273
1274
1275
1276
1277
1278
1279
1280
1283
1284
1286
1287
1288
1289
1290
1291
1292
1293
1294
1295
1296
1297
1298
1299
1300
1301
1302
1303
1304
1305
1306
1307
1308
1309
1310
1311
1312
1313
1314
1315
1316
1317
1318
1319
1320
1321
1322
1323
1324
1326
1327
1328
1329
1330
1331
1332
1333
1334
1335
1336
1337
1338
1339
1340
1342
1343
1344
1345
1347
1348
1349
1350
1351
1352
1353
1354
1356
1357
1358
1359
1360
1361
1362
1363
1364
1365
1366
1367
1368
1369
1370
1371
1372
1373
1374
1375
1376
1377
1378
1379
1380
1381
1382
1383
1385
1386
1387
1388
1389
1390
1391
1392
1393
1394
1395
1396
1397
1398
1399
1400
1402
1403
1406
1407
1408
1409
1410
1411
1412
1413
1414
1415
1416
1418
1419
1420
1421
1422
1423
1424
1425
1426
1427
1428
1429
1430
1431
1432
1433
1434
1435
1436
1437
1438
1439
1440
1441
1442
1443
1444
1445
1446
1447
1448
1449
1450
1451
1452
1453
1454
1455
1456
1457
1458
1459
1460
1461
1462
1463
1464
1465
1466
1467
1468
1469
1470
1471
1472
1473
1474
1475
1476
1477
1478
1479
1480
1481
1482
1483
1484
1485
1486
1487
1488
1489
1490
1491
1492
1493
1494
1495
1496
1497
1498
1499
1500
1501
1502
1503
1504
1505
1506
1508
1509
1510
1511
1512
1513
1514
1515
1516
1517
1518
1519
1520
1527
1529
1530
1531
1532
1533
1535
1536
1537
1538
1539
1540
1541
1543
1544
1545
1546
1547
1548
1549
1550
1553
1554
1556
1557
1558
1559
1560
1561
1562
1563
1564
1565
1567
1568
1570
1571
1572
1573
1574
1575
1576
1579
1580
1581
1583
1585
1589
1597
1598
1599
1600
1601
1602
1603
1604
1606
1608
1609
1610
1611
1612
1613
1614
1615
1617
1618
1619
1620
1623
1625
1626
1627
1628
1629
1630
1631
1632
1633
1634
1635
1636
1638
1639
1640
1641
1642
1644
1648
1649
1650
1651
1652
1653
1654
1655
1656
1657
1658
1659
1660
1661
1662
1663
1664
1665
1666
1667
1668
1670
1673
1680
1687
1690
1694
1695
1696
1697
1699
1700
1705
1713
1715
1717
1720
1726
1727
1728
1730
1733
1734
1737
1740
1744
1750
1757
1758
1759
1763
1767
1768
1769
1772
1778
1783
1784
1785
1788
1789
1791
1792
1794
1795
1796
1798
1800
1801
1802
1803
1807
1808
1809
1813
1817
1818
1820
1826
1829
1830
1832
1833
1834
1835
1840
1848
1849
1853
1854
1856
1857
1859
1860
1863
1870
1874
1875
1876
1878
1879
1880
1885
1886
1888
1890
1891
1892
1893
1894
1895
1896
1897
1898
1899
1900
1901
1902
1903
1904
1905
1914
1917
1920
1922
1923
1925
1926
1927
1928
1929
1930
1931
1932
1933
1934
1935
1936
1937
1938
1939
1940
1941
1943
1945
1946
1947
1948
1949
1950
1951
1952
1953
1954
1955
1956
1957
1958
1959
1960
1976
1977
1978
1979
1980
1982
1983
1984
1985
1986
1987
1988
1989
1990
1991
1992
1993
1994
1995
1996
1997
1998
1999
2000
2003
2005
2007
2008
2010
2011
2012
2013
2014
2015
2016
2017
2019
2020
2024
2025
2028
2029
2040
2042
2043
2045
2047
2048
2049
2050
2051
2052
2053
2054
2055
2056
2057
2058
2059
2060
2061
2062
2063
2066
2068
2069
2070
2071
2072
2073
2075
2076
2077
2078
2079
2080
2081
2082
2083
2084
2085
2088
2089
2090
2093
2094
2095
2096
2097
2098
2099
2100
2101
2102
2103
2104
2105
2106
2107
2108
2109
2110
2111
2112
2113
2114
2115
2116
2117
2119
2120
2121
2122
2123
2124
2125
2127
2130
2136
2164
2199
2200
2201
2202
2203
2204
2205
2206
2207
2208
2209
2210
2211
2212
2214
2229
2230
2231
2235
2237
2238
2239
2240
2242
2243
2248
2251
2253
2254
2260
2263
2264
2265
2266
2268
2269
2274
2275
2278
2280
2281
2282
2283
2284
2286
2288
2289
2290
2291
2292
2293
2294
2295
2296
2297
2298
2299
2300
2301
2302
2303
2304
2305
2309
2310
2320
2324
2325
2326
2327
2328
2329
2330
2331
2332
2334
2335
2336
2337
2338
2339
2340
2341
2342
2343
2344
2345
2346
2347
2348
2349
2350
2351
2352
2354
2355
2356
2357
2359
2360
2361
2362
2363
2364
2365
2367
2368
2370
2372
2373
2376
2379
2380
2390
2391
2392
2393
2398
2400
2402
2405
2406
2407
2410
2419
2420
2477
2491
2495
2499
2500
2501
2502
2503
2504
2510
2515
2516
2520
2522
2524
2527
2528
2529
2530
2531
2532
2533
2534
2535
2536
2537
2540
2556
2558
2560
2562
2563
2565
2570
2575
2576
2577
2580
2585
2588
2598
2599
2600
2605
2610
2611
2620
2621
2622
2623
2624
2625
2627
2628
2629
2630
2639
2640
2641
2642
2643
2644
2645
2646
2647
2648
2649
2651
2652
2653
2654
2655
2656
2658
2659
2660
2661
2670
2671
2672
2673
2674
2675
2677
2678
2680
2681
2682
2684
2685
2686
2687
2688
2689
2690
2691
2692
2693
2694
2695
2696
2697
2698
2699
2700
2701
2702
2703
2704
2705
2706
2707
2708
2709
2710
2711
2712
2713
2714
2715
2716
2717
2718
2719
2720
2721
2722
2723
2724
2725
2726
2727
2728
2729
2730
2731
2732
2733
2734
2735
2736
2737
2738
2739
2740
2741
2742
2743
2744
2745
2746
2747
2748
2749
2750
2752
2760
2761
2764
2770
2771
2772
2773
2780
2781
2782
2783
2784
2785
2786
2787
2788
2789
2791
2792
2793
2800
2801
2802
2803
2804
2805
2806
2807
2808
2840
2850
2900
2901
2902
2903
2904
2921
2930
2931
2940
2942
2944
2945
2946
2947
2948
2950
2951
2952
2953
2955
2956
2970
2990
2995
2996
2997
2998
2999
3000
3008
3009
3010
3011
3020
3024
3027
3030
3035
3040
3050
3051
3052
3053
3054
3055
3056
3057
3058
3059
3060
3062
3063
3064
3065
3100
3101
3105
3106
3107
3108
3110
3112
3113
3114
3115
3116
3117
3118
3119
3120
3121
3122
3123
3124
3125
3126
3127
3128
3129
3130
3131
3132
3140
3160
3161
3162
3173
3180
3190
3200
3201
3205
3210
3215
3216
3220
3239
3240
3241
3242
3250
3255
3260
3265
3280
3281
3282
3285
3286
3287
3300
3303
3305
3307
3308
3309
3310
3312
3314
3315
3320
3330
3331
3332
3333
3334
3335
3336
3337
3338
3339
3355
3360
3361
3386
3399
3400
3401
3402
3403
3404
3405
3406
3407
3408
3420
3434
3436
3438
3440
3441
3442
3443
3445
3448
3460
3461
3465
3466
3467
3469
3470
3472
3473
3474
3478
3480
3481
3484
3486
3487
3489
3490
3491
3493
3499
3500
3501
3502
3503
3504
3510
3517
3520
3535
3540
3541
3545
3555
3560
3600
3601
3602
3613
3620
3630
3635
3636
3640
3650
3660
3670
3680
3736
3994
3999
4000
4001
4002
4003
4004
4005
4006
4007
4008
4009
4010
4011
4012
4013
4014
4015
4016
4017
4018
4019
4020
4021
4022
4023
4024
4025
4026
4027
4028
4029
4030
4031
4032
4033
4034
4035
4036
4037
4038
4039
4040
4041
4042
4043
4044
4045
4046
4047
4048
4049
4050
4051
4052
4053
4054
4055
4056
4057
4058
4059
4060
4061
4062
4063
4064
4065
4066
4067
4068
4069
4070
4071
4072
4073
4074
4075
4076
4077
4078
4079
4080
4090
4094
4100
4101
4102
4103
4104
4105
4106
4107
4108
4109
4114
4117
4120
4125
4130
4131
4133
4134
4135
4136
4137
4138
4139
4140
4141
4160
4163
4165
4166
4167
4168
4169
4170
4171
4175
4180
4200
4203
4220
4240
4260
4270
4271
4273
4274
4275
4280
4282
4289
4290
4291
4300
4320
4321
4322
4323
4326
4327
4328
4329
4330
4331
4335
4340
4350
4360
4368
4370
4380
4397
4400
4410
4415
4417
4418
4420
4423
4425
4440
4460
4470
4471
4472
4474
4477
4480
4500
4520
4544
4549
4550
4551
4552
4553
4554
4555
4556
4557
4558
4570
4574
4575
4577
4582
4590
4600
4602
4605
4610
4630
4635
4648
4650
4655
4656
4657
4660
4667
4670
4673
4675
4690
4710
4730
4731
4750
4751
4770
4771
4780
4798
4799
4800
4801
4802
4803
4804
4805
4806
4807
4815
4820
4823
4827
4840
4843
4845
4847
4850
4857
4858
4860
4868
4880
4881
4882
4883
4885
4899
4900
4901
4902
4903
4904
4905
4906
4907
4908
4909
4910
4911
4920
4922
4924
4928
4930
4931
4932
4944
4946
4947
4949
4950
4951
4952
4953
4954
4955
4956
4957
4958
4965
4980
4999
5000
5001
5002
5003
5004
5005
5006
5007
5008
5009
5010
5011
5012
5013
5014
5020
5030
5036
5040
5044
5046
5051
5055
5060
5061
5063
5066
5068
5070
5071
5080
5086
5096
5100
5105
5106
5115
5116
5117
5118
5120
5125
5127
5129
5130
5131
5132
5134
5135
5140
5141
5142
5143
5144
5148
5150
5151
5152
5153
5154
5155
5156
5160
5170
5180
5194
5196
5197
5200
5210
5212
5213
5214
5215
5216
5218
5220
5222
5230
5235
5237
5240
5245
5260
5280
5300
5303
5305
5308
5309
5310
5311
5312
5313
5314
5315
5317
5318
5320
5321
5330
5337
5340
5350
5355
5360
5361
5370
5380
5381
5390
5391
5395
5397
5400
5401
5402
5403
5404
5405
5406
5407
5408
5409
5410
5411
5412
5413
5414
5415
5416
5417
5418
5420
5421
5422
5423
5424
5425
5426
5427
5428
5429
5430
5431
5432
5433
5434
5435
5436
5437
5438
5439
5440
5441
5442
5443
5444
5445
5446
5447
5448
5449
5450
5451
5452
5453
5454
5455
5456
5457
5458
5459
5460
5461
5462
5463
5464
5465
5466
5467
5468
5469
5470
5471
5472
5473
5474
5475
5476
5477
5478
5479
5480
5481
5482
5483
5484
5485
5486
5487
5488
5489
5490
5491
5492
5493
5494
5495
5496
5497
5498
5499
5500
5501
5502
5504
5505
5506
5507
5508
5509
5510
5511
5512
5513
5515
5516
5517
5518
5519
5520
5521
5522
5523
5524
5525
5526
5527
5528
5529
5530
5531
5532
5533
5534
5535
5536
5537
5538
5539
5540
5541
5542
5543
5544
5545
5546
5547
5548
5549
5550
5551
5552
5553
5554
5556
5557
5558
5559
5560
5561
5562
5563
5564
5565
5566
5567
5568
5569
5570
5572
5573
5574
5575
5576
5577
5578
5579
5580
5581
5582
5583
5584
5585
5586
5587
5588
5589
5590
5591
5592
5593
5594
5595
5596
5600
5601
5602
5603
5604
5605
5606
5607
5608
5609
5610
5611
5612
5613
5614
5615
5616
5617
5618
5619
5620
5621
5622
5623
5624
5625
5626
5627
5628
5629
5630
5631
5632
5633
5634
5635
5636
5637
5638
5639
5640
5641
5642
5643
5644
5645
5646
5647
5648
5649
5650
5651
5652
5653
5654
5656
5657
5658
5659
5660
5661
5662
5664
5665
5666
5669
5670
5672
5673
5674
5675
5677
5679
5680
5682
5685
5686
5687
5688
5690
5691
5693
5695
5698
5699
5700
5701
5702
5703
5704
5705
5706
5707
5709
5710
5716
5717
5718
5720
5721
5723
5724
5725
5726
5727
5728
5729
5730
5731
5732
5733
5734
5735
5736
5737
5740
5741
5742
5744
5745
5747
5748
5749
5750
5760
5761
5762
5789
5790
5800
5801
5802
5803
5804
5805
5806
5815
5820
5821
5822
5830
5833
5840
5845
5860
5861
5870
5873
5875
5879
5880
5881
5882
5883
5884
5885
5887
5898
5900
5905
5906
5909
5912
5916
5918
5920
5921
5922
5923
5925
5926
5928
5930
5934
5936
5938
5940
5941
5947
5950
5957
5960
5961
5962
5963
5968
5970
5975
5980
5990
5999
6000
6001
6002
6003
6004
6005
6006
6007
6008
6009
6010
6011
6012
6013
6014
6020
6030
6045
6050
6070
6080
6083
6085
6090
6094
6100
6107
6108
6110
6111
6112
6113
6115
6116
6117
6118
6120
6130
6131
6133
6137
6140
6145
6160
6170
6180
6187
6200
6201
6202
6207
6215
6220
6240
6241
6242
6243
6259
6260
6261
6262
6263
6264
6265
6266
6268
6270
6272
6273
6280
6290
6300
6301
6310
6320
6330
6331
6332
6333
6334
6335
6340
6350
6375
6376
6377
6378
6380
6390
6391
6393
6395
6396
6397
6398
6399
6400
6401
6410
6411
6412
6413
6414
6415
6416
6417
6418
6420
6421
6428
6430
6432
6433
6436
6440
6460
6474
6475
6480
6490
6496
6497
6498
6499
6500
6501
6502
6503
6504
6505
6506
6507
6508
6509
6510
6511
6512
6513
6514
6515
6516
6517
6518
6519
6520
6521
6522
6523
6524
6525
6526
6527
6530
6540
6544
6545
6547
6548
6549
6550
6551
6552
6553
6554
6555
6556
6557
6558
6559
6560
6561
6562
6563
6564
6565
6566
6567
6568
6570
6571
6572
6573
6574
6575
6576
6577
6578
6579
6580
6581
6582
6584
6585
6587
6589
6590
6595
6597
6598
6600
6601
6606
6607
6610
6612
6616
6619
6620
6621
6622
6623
6624
6625
6626
6627
6628
6629
6631
6632
6637
6640
6642
6645
6650
6657
6658
6659
6660
6661
6662
6665
6670
6682
6690
6710
6715
6716
6718
6720
6730
6750
6751
6753
6755
6760
6780
6781
6785
6787
6790
6791
6795
6799
6800
6801
6802
6803
6804
6805
6806
6807
6808
6811
6814
6815
6817
6820
6822
6823
6825
6826
6830
6831
6832
6833
6834
6899
6900
6901
6902
6903
6904
6905
6906
6907
6908
6909
6910
6911
6912
6913
6914
6915
6916
6917
6918
6919
6920
6921
6922
6923
6924
6925
6926
6927
6928
6929
6930
6931
6933
6934
6935
6936
6940
6950
6997
7004
7005
7007
7011
7019
7023
7024
7028
7030
7033
7037
7039
7043
7047
7048
7050
7051
7052
7053
7054
7055
7056
7057
7058
7059
7060
7061
7062
7063
7064
7065
7066
7067
7068
7069
7070
7071
7073
7074
7076
7081
7083
7086
7087
7090
7091
7092
7094
7105
7108
7111
7112
7113
7115
7116
7127
7138
7211
7237
7254
7304
7320
7345
7370
7371
7380
7381
7382
7383
7384
7385
7386
7387
7388
7389
7390
7391
7392
7393
7394
7395
7396
7397
7398
7399
7400
7401
7402
7403
7404
7405
7406
7407
7408
7409
7415
7416
7417
7418
7419
7439
7448
7467
7468
7469
7470
7471
7472
7473
7474
7475
7478
7479
7480
7481
7482
7483
7484
7485
7486
7487
7488
7489
7490
7491
7492
7493
7494
7495
7496
7497
7498
7499
7500
7501
7502
7503
7504
7505
7509
7515
7516
7517
7519
7526
7529
7566
7570
7601
7615
7616
7617
7618
7621
7626
7627
7628
7629
7656
7669
7670
7677
7680
7706
7708
7727
7787
7935
7947
7951
7952
7953
7954
7955
7956
7957
7958
7960
7961
7963
7964
7965
7967
7968
7969
7970
7971
7973
7974
7975
7976
7979
7980
7981
7982
7983
7984
7985
7986
7987
7988
7989
7991
7992
7993
7994
7996
7997
7999
8000
9046
9050
9054
9091
9096
9101
9102
9104
9105
9107
9108
9109
9110
9111
9112
9113
9114
9115
9116
9117
9119
9120
9121
9123
9124
9125
9126
9127
9128
9129
9133
9134
9135
9136
9137
9140
9142
9144
9145
9146
9150
9151
9154
9156
9159
9160
9161
9162
9166
9168
9169
9170
9171
9172
9173
9174
9176
9178
9181
9182
9183
9186
9188
9190
9195
9197
9198
9199
9230
9315
9316
9317
9507
9851
9852
9856
9857
9886
9887
9900
9902
9905
9906
9907
9908
9909
9911
9912
9913
9915
9917
9918
9921
9922
9923
9924
9925
9926
9927
9929
9930
9932
9934
9935
9936
9937
9938
9940
9941
9942
9943
9944
9946
9948
9949
9952
9953
9954
9955
9957
9961
9962
9963
9964
9965
9966
9969
9970
9971
9972
9973
9974
9975
9976
9977
9979
9983
9990
9991
9992
9993
9994
9995
9996
9999
