0000
0002
0003
0101
0102
0103
0104
0110
0150
0151
0152
0153
0154
0155
0156
0157
0158
0159
0160
0161
0162
0163
0164
0165
0166
0167
0201
0301
0401
0501
0601
0701
0801
0901
1001
1101
1201
1301
1401
1501
1601
1701
1801
1901
2001
2101
2201
2301
2401
2501
2601
2701
2801
2901
3001
3101
3201
3301
3401
3501
3601
3701
3801
3901
4001
4101
4201
4301
4401
4501
4601
4701
4801
4901
5001
5101
5201
5301
5401
5501
5601
5701
5801
5901
6001
6101
6201
6301
6401
6501
6601
6701
6801
6901
7001
7101
7201
7401
7701
7801
7901
8201
8301
8800
9000
9100
9200
9300
9400
