0000
0001
0002
0003
0004
0006
0007
0008
0009
0010
0011
0012
0013
0014
0015
0016
0017
0018
0019
0020
0021
0022
0024
0025
0026
0028
0035
0037
0038
0039
0041
0042
0043
0044
0045
0046
0047
0048
0050
0055
0056
0057
0058
0059
0060
0061
0062
0063
0064
0065
0066
0067
0068
0069
0070
0072
0073
0076
0077
0078
0079
0080
0082
0083
0084
0085
0086
0087
0088
0089
0090
0091
0092
0093
0094
0095
0096
0100
0101
0102
0103
0104
0105
0106
0107
0108
0109
0110
0111
0112
0113
0114
0115
0116
0117
0118
0119
0120
0121
0122
0123
0124
0125
0126
0127
0128
0129
0130
0131
0132
0133
0134
0135
0136
0137
0138
0139
0140
0141
0142
0143
0144
0145
0146
0147
0148
0149
0150
0151
0152
0153
0154
0155
0156
0157
0158
0159
0160
0161
0162
0163
0164
0165
0166
0167
0168
0169
0170
0171
0172
0173
0174
0175
0176
0177
0178
0179
0180
0181
0182
0184
0185
0186
0187
0188
0189
0190
0191
0192
0193
0194
0195
0196
0197
0198
0199
0200
0201
0203
0204
0205
0207
0209
0210
0211
0212
0213
0215
0216
0217
0299
0300
0301
0302
0303
0304
0305
0306
0307
0308
0309
0310
0311
0312
0313
0314
0317
0334
0336
0337
0338
0339
0340
0341
0343
0345
0346
0373
0399
0400
0401
0402
0403
0404
0405
0406
0407
0409
0410
0411
0412
0414
0415
0416
0417
0418
0420
0421
0422
0423
0424
0425
0426
0427
0428
0429
0430
0431
0432
0433
0434
0435
0436
0437
0438
0439
0440
0441
0442
0443
0444
0445
0446
0447
0448
0450
0451
0452
0453
0454
0455
0456
0457
0458
0459
0462
0465
0466
0467
0468
0469
0470
0472
0473
0474
0475
0476
0477
0478
0479
0480
0481
0482
0483
0484
0485
0486
0487
0488
0489
0490
0491
0492
0493
0494
0495
0496
0497
0499
0500
0501
0502
0503
0504
0505
0506
0507
0508
0509
0510
0511
0512
0513
0515
0516
0517
0518
0519
0520
0521
0522
0523
0524
0525
0526
0527
0528
0529
0530
0531
0533
0536
0537
0539
0540
0544
0556
0559
0560
0561
0562
0563
0564
0566
0567
0570
0571
0573
0574
0576
0577
0578
0580
0581
0583
0599
0600
0601
0602
0603
0606
0607
0609
0610
0611
0613
0614
0615
0618
0619
0622
0623
0624
0626
0690
0699
0700
0701
0703
0704
0705
0706
0707
0708
0709
0710
0711
0712
0713
0714
0715
0716
0717
0718
0719
0720
0721
0722
0723
0724
0725
0726
0727
0728
0729
0730
0731
0732
0733
0734
0735
0736
0737
0738
0739
0741
0742
0745
0746
0747
0748
0749
0750
0752
0757
0758
0760
0761
0762
0763
0764
0765
0766
0767
0776
0777
0778
0779
0780
0781
0782
0783
0784
0790
0792
0793
0799
0800
0801
0802
0803
0804
0805
0806
0807
0809
0810
0811
0813
0814
0816
0818
0819
0820
0821
0822
0823
0826
0827
0828
0829
0830
0831
0834
0836
0837
0838
0839
0840
0841
0843
0844
0845
0846
0847
0848
0849
0850
0851
0852
0853
0854
0855
0858
0859
0860
0861
0862
0863
0864
0865
0866
0870
0871
0873
0874
0876
0877
0878
0879
0880
0881
0882
0883
0884
0887
0888
0889
0899
0901
0902
0903
0904
0905
0906
0907
0908
0909
0910
0911
0912
0913
0914
0915
0916
0917
0918
0919
0920
0921
0922
0923
0924
0925
0926
0927
0928
0929
0930
0931
0932
0933
0934
0935
0936
0937
0938
0939
0941
0942
0943
0944
0945
0946
0947
0948
0949
0950
0951
0952
0953
0954
0955
0956
0957
0958
0959
0960
0961
0962
0963
0964
0965
0966
0967
0968
0969
0970
0971
0972
0973
0974
0975
0976
0977
0978
0979
0981
0982
0983
0984
0985
0986
0987
0988
0989
0990
0991
0992
0993
0994
0999
1000
1001
1003
1004
1006
1007
1008
1009
1010
1011
1012
1013
1014
1015
1019
1020
1021
1022
1025
1028
1032
1033
1034
1035
1037
1038
1099
1100
1101
1102
1103
1105
1106
1109
1110
1111
1112
1113
1114
1115
1116
1117
1118
1119
1120
1121
1122
1124
1125
1126
1128
1130
1133
1134
1135
1136
1139
1142
1143
1145
1146
1147
1148
1149
1150
1151
1152
1153
1155
1199
1200
1201
1202
1203
1204
1205
1206
1207
1208
1209
1210
1211
1212
1213
1214
1215
1217
1218
1219
1220
1222
1227
1228
1229
1230
1232
1233
1234
1235
1236
1237
1238
1239
1240
1241
1242
1243
1244
1247
1248
1249
1250
1251
1299
1300
1302
1303
1304
1305
1306
1307
1308
1309
1310
1311
1312
1313
1314
1315
1316
1319
1320
1322
1323
1324
1325
1328
1329
1330
1332
1338
1339
1340
1341
1342
1343
1344
1345
1346
1347
1348
1349
1350
1351
1352
1353
1354
1355
1356
1357
1358
1359
1360
1361
1362
1364
1365
1366
1367
1368
1369
1370
1371
1372
1373
1377
1399
1400
1401
1402
1403
1404
1405
1406
1407
1408
1409
1410
1412
1413
1414
1415
1416
1417
1418
1419
1420
1421
1422
1423
1431
1432
1433
1437
1438
1439
1440
1441
1442
1443
1446
1447
1448
1449
1450
1451
1499
1500
1502
1503
1504
1505
1506
1507
1508
1510
1511
1512
1513
1514
1515
1516
1517
1518
1519
1520
1521
1522
1523
1524
1525
1526
1527
1528
1529
1530
1531
1532
1533
1535
1537
1538
1539
1540
1541
1542
1544
1547
1548
1549
1550
1551
1552
1553
1554
1555
1556
1558
1559
1590
1599
1600
1602
1603
1604
1606
1607
1609
1610
1611
1612
1613
1615
1616
1617
1618
1619
1620
1621
1623
1624
1625
1626
1627
1628
1629
1630
1631
1632
1633
1634
1635
1636
1637
1638
1639
1640
1641
1646
1651
1652
1654
1655
1657
1659
1660
1661
1662
1663
1664
1665
1666
1667
1668
1670
1671
1672
1673
1674
1675
1676
1690
1699
1700
1702
1703
1705
1708
1710
1711
1712
1713
1714
1715
1716
1717
1718
1719
1721
1722
1723
1726
1728
1729
1730
1731
1732
1734
1735
1736
1737
1738
1739
1740
1797
1799
1800
1801
1802
1803
1804
1805
1806
1807
1808
1809
1810
1811
1812
1814
1815
1832
1833
1834
1835
1899
1900
1901
1902
1903
1904
1905
1906
1907
1908
1909
1910
1911
1912
1913
1914
1915
1916
1917
1918
1920
1921
1922
1923
1924
1925
1927
1928
1929
1933
1941
1942
1943
1950
1951
1952
1953
1954
1955
1956
1957
1958
1999
2000
2001
2002
2003
2004
2006
2007
2009
2010
2011
2012
2013
2014
2015
2016
2017
2018
2019
2020
2021
2023
2026
2027
2028
2029
2030
2031
2033
2035
2036
2037
2038
2039
2040
2041
2042
2043
2044
2045
2046
2047
2048
2049
2050
2051
2052
2053
2054
2055
2056
2058
2059
2060
2061
2062
2099
2102
2103
2105
2106
2107
2108
2109
2110
2112
2117
2120
2121
2122
2123
2124
2126
2190
2199
2200
2201
2202
2203
2205
2206
2207
2208
2209
2210
2211
2212
2213
2214
2215
2216
2217
2218
2219
2220
2221
2224
2225
2226
2227
2228
2229
2230
2231
2232
2233
2234
2235
2236
2237
2238
2240
2241
2242
2243
2244
2245
2246
2247
2248
2250
2251
2252
2299
2301
2302
2303
2304
2305
2306
2307
2308
2309
2311
2312
2313
2314
2316
2317
2318
2319
2320
2321
2322
2323
2324
2327
2328
2339
2341
2342
2343
2344
2346
2348
2349
2350
2351
2352
2353
2355
2356
2357
2390
2399
2401
2402
2403
2404
2405
2406
2407
2408
2409
2411
2412
2413
2414
2415
2416
2417
2419
2420
2430
2434
2435
2436
2437
2438
2439
2440
2490
2499
2500
2501
2502
2503
2504
2505
2506
2507
2508
2510
2512
2513
2515
2516
2517
2518
2519
2520
2521
2522
2523
2524
2525
2526
2527
2528
2529
2530
2531
2532
2533
2534
2535
2536
2537
2539
2540
2542
2543
2544
2545
2550
2551
2556
2557
2558
2559
2560
2561
2562
2563
2564
2565
2566
2567
2568
2569
2570
2572
2573
2574
2599
2600
2601
2602
2603
2604
2605
2606
2608
2609
2610
2611
2613
2614
2615
2617
2618
2619
2621
2622
2623
2634
2635
2636
2637
2638
2639
2641
2699
2700
2701
2702
2703
2704
2705
2706
2707
2709
2710
2711
2712
2713
2715
2717
2720
2722
2723
2729
2730
2731
2732
2734
2735
2736
2737
2738
2739
2740
2743
2744
2745
2746
2747
2748
2749
2750
2799
2800
2801
2802
2804
2805
2806
2807
2808
2810
2811
2812
2814
2816
2817
2824
2825
2826
2827
2828
2829
2830
2832
2899
2900
2901
2902
2903
2904
2905
2906
2907
2908
2909
2910
2911
2912
2913
2914
2915
2916
2919
2921
2922
2923
2927
2931
2932
2933
2934
2935
2936
2937
2938
2940
2941
2999
3000
3001
3002
3003
3004
3005
3006
3007
3008
3010
3012
3013
3014
3015
3016
3017
3018
3020
3021
3022
3023
3024
3025
3026
3028
3030
3031
3032
3033
3034
3035
3036
3037
3038
3039
3040
3041
3047
3048
3049
3052
3054
3056
3057
3058
3059
3060
3061
3062
3063
3064
3065
3066
3067
3068
3069
3070
3071
3072
3073
3074
3075
3076
3077
3079
3080
3081
3082
3083
3084
3085
3086
3087
3088
3099
3100
3101
3102
3103
3104
3105
3106
3107
3108
3109
3110
3111
3112
3114
3115
3116
3117
3118
3119
3120
3121
3122
3123
3124
3125
3126
3127
3135
3137
3138
3139
3140
3141
3142
3143
3144
3145
3146
3147
3148
3149
3150
3151
3152
3153
3154
3155
3156
3158
3159
3160
3161
3162
3163
3164
3165
3166
3167
3169
3190
3199
3200
3201
3202
3203
3204
3205
3206
3207
3208
3209
3210
3211
3212
3213
3214
3216
3217
3218
3219
3220
3221
3222
3225
3226
3227
3228
3229
3230
3231
3234
3237
3238
3239
3240
3241
3242
3243
3245
3246
3247
3248
3299
3300
3301
3302
3303
3304
3305
3306
3307
3308
3309
3310
3311
3312
3313
3314
3315
3316
3317
3318
3319
3321
3324
3329
3330
3331
3332
3333
3334
3336
3337
3399
3400
3401
3402
3403
3404
3405
3406
3407
3408
3409
3410
3411
3412
3413
3414
3415
3416
3417
3418
3419
3420
3421
3422
3423
3424
3425
3426
3429
3431
3433
3434
3435
3436
3437
3438
3439
3440
3442
3446
3447
3449
3450
3451
3452
3453
3454
3456
3457
3458
3459
3460
3461
3462
3499
3500
3501
3502
3504
3505
3506
3507
3508
3509
3510
3511
3512
3513
3514
3515
3516
3517
3518
3519
3527
3528
3529
3530
3531
3533
3599
3600
3601
3602
3603
3604
3606
3607
3608
3609
3610
3611
3612
3613
3614
3615
3616
3617
3618
3619
3620
3621
3625
3626
3627
3628
3630
3631
3632
3633
3634
3640
3699
3700
3701
3702
3703
3704
3705
3706
3707
3708
3709
3711
3713
3715
3716
3717
3718
3719
3720
3725
3726
3727
3728
3729
3730
3731
3732
3733
3735
3736
3737
3738
3799
3800
3801
3802
3803
3804
3805
3806
3807
3808
3809
3810
3811
3812
3813
3814
3815
3817
3820
3821
3822
3823
3824
3825
3829
3830
3832
3834
3835
3836
3837
3838
3840
3841
3899
3901
3902
3903
3904
3905
3906
3907
3908
3909
3913
3915
3916
3920
3921
3922
3990
3999
4000
4002
4003
4004
4006
4007
4008
4009
4010
4011
4012
4013
4014
4015
4016
4017
4018
4019
4020
4021
4022
4023
4024
4025
4026
4027
4028
4029
4030
4032
4034
4035
4037
4038
4039
4040
4041
4042
4044
4045
4046
4047
4048
4051
4052
4053
4055
4056
4059
4060
4061
4062
4063
4064
4065
4066
4067
4068
4069
4070
4071
4072
4073
4074
4075
4076
4078
4079
4080
4081
4082
4084
4085
4086
4087
4088
4089
4090
4091
4092
4093
4094
4095
4096
4098
4099
4100
4101
4102
4103
4104
4105
4107
4108
4109
4110
4111
4116
4117
4199
4201
4202
4204
4205
4206
4207
4208
4209
4210
4211
4212
4213
4214
4215
4217
4218
4219
4220
4221
4222
4224
4225
4226
4227
4232
4233
4234
4236
4237
4238
4239
4240
4290
4299
4301
4302
4303
4304
4305
4306
4307
4308
4309
4310
4311
4312
4313
4314
4315
4317
4318
4319
4320
4321
4322
4324
4326
4328
4329
4330
4390
4399
4400
4401
4402
4403
4404
4405
4406
4408
4410
4411
4412
4414
4415
4416
4418
4419
4420
4421
4423
4424
4425
4426
4428
4429
4430
4431
4432
4437
4438
4440
4444
4447
4448
4449
4450
4451
4452
4453
4454
4455
4456
4457
4458
4459
4460
4462
4463
4464
4465
4466
4490
4499
4501
4502
4503
4504
4505
4506
4507
4508
4509
4510
4512
4513
4514
4515
4516
4517
4518
4519
4520
4521
4522
4523
4524
4525
4526
4527
4528
4529
4530
4531
4532
4533
4534
4535
4536
4537
4538
4539
4540
4541
4542
4543
4544
4545
4546
4547
4548
4549
4551
4552
4553
4554
4555
4556
4557
4558
4559
4563
4564
4565
4566
4567
4568
4569
4570
4571
4572
4573
4574
4575
4576
4580
4585
4586
4587
4588
4589
4590
4591
4592
4593
4594
4595
4596
4597
4598
4599
4600
4601
4602
4603
4604
4605
4606
4607
4608
4609
4612
4613
4614
4631
4632
4633
4634
4635
4638
4641
4642
4644
4645
4646
4647
4648
4649
4652
4653
4654
4655
4697
4699
4700
4701
4702
4703
4704
4705
4706
4707
4708
4709
4710
4711
4712
4713
4714
4715
4716
4717
4718
4719
4720
4721
4722
4723
4724
4725
4726
4727
4728
4729
4730
4731
4732
4733
4741
4742
4743
4744
4745
4746
4747
4748
4749
4750
4751
4752
4753
4754
4756
4757
4758
4759
4760
4761
4762
4763
4764
4765
4767
4768
4769
4770
4771
4772
4773
4774
4799
4800
4801
4802
4803
4806
4808
4809
4810
4812
4815
4816
4817
4818
4819
4820
4821
4823
4824
4825
4826
4827
4899
4900
4901
4902
4903
4904
4905
4906
4907
4908
4909
4910
4911
4912
4913
4914
4915
4916
4917
4918
4919
4920
4921
4922
4926
4931
4932
4933
4934
4935
4936
4937
4938
4939
4941
4948
4949
4950
4951
4952
4953
4954
4955
4956
4957
4958
4960
4961
4962
4963
4964
4965
4966
4967
4968
4970
4971
4972
4973
4974
4997
4998
4999
5000
5002
5003
5004
5005
5007
5008
5009
5011
5012
5014
5015
5016
5017
5018
5019
5020
5021
5022
5023
5030
5031
5036
5037
5041
5042
5043
5044
5045
5046
5047
5048
5049
5050
5051
5052
5053
5054
5055
5056
5057
5058
5059
5061
5062
5063
5064
5065
5066
5067
5068
5069
5071
5074
5097
5099
5100
5101
5102
5103
5104
5105
5106
5107
5108
5109
5110
5111
5112
5113
5114
5116
5117
5118
5119
5120
5121
5122
5123
5125
5126
5127
5128
5129
5130
5190
5199
5200
5201
5202
5203
5204
5205
5206
5207
5208
5209
5210
5211
5212
5213
5216
5219
5222
5223
5224
5225
5228
5229
5230
5299
5301
5302
5304
5305
5306
5307
5308
5309
5310
5311
5312
5313
5314
5315
5323
5324
5325
5327
5328
5329
5330
5332
5333
5334
5335
5336
5337
5390
5391
5392
5394
5399
5400
5401
5403
5404
5405
5499
5500
5501
5502
5503
5504
5505
5506
5507
5508
5509
5511
5513
5514
5519
5521
5523
5524
5525
5526
5527
5528
5529
5530
5599
5600
5601
5602
5603
5604
5699
5700
5701
5702
5703
5704
5705
5706
5707
5708
5709
5710
5711
5712
5713
5716
5801
5802
5804
5805
5806
5807
5808
5809
5810
5812
5813
5814
5815
5816
6000
6001
6002
6003
6004
6005
6006
6007
6009
6010
6011
6012
6017
6018
6019
6020
6021
6022
6023
6024
6099
6100
6500
6501
6502
6503
6504
6506
6507
6509
6510
6511
6513
6516
6517
6518
6519
6520
6521
6599
6600
6605
6606
6607
6608
6616
6623
6624
6625
6627
6690
6700
6701
6702
6705
6706
6708
6717
6733
8001
8002
8003
8004
8005
8006
8007
8008
8009
8010
8110
8128
8137
8140
8141
8142
8143
8144
8145
8146
8148
8149
8150
8151
8152
8153
8155
8156
8157
8158
8159
8160
8161
8201
8203
8207
8208
8209
8211
8212
8214
8215
8218
8220
8224
8226
8227
8228
8229
8230
8231
8233
8235
8236
8238
8239
8241
8246
8247
8248
8250
9001
9002
9003
9004
9005
9007
9008
9009
9010
9012
9013
9014
9015
9016
9017
9018
9019
9020
9021
9022
9023
9024
9025
9026
9027
9028
9029
9030
9031
9032
9033
9034
9035
9036
9037
9038
9039
9040
9041
9042
9043
9044
9045
9046
9047
9048
9049
9050
9051
9054
9055
9056
9058
9059
9060
9062
9063
9064
9065
9066
9067
9068
9069
9070
9071
9072
9074
9075
9076
9078
9079
9080
9081
9082
9083
9084
9085
9086
9087
9088
9089
9090
9091
9092
9094
9095
9096
9097
9098
9099
9100
9101
9102
9103
9104
9105
9106
9108
9109
9110
9111
9112
9113
9114
9115
9116
9117
9118
9119
9121
9122
9123
9124
9125
9126
9127
9128
9129
9130
9131
9132
9133
9134
9135
9136
9137
9138
9139
9140
9141
9142
9143
9144
9145
9146
9147
9148
9149
9150
9151
9152
9153
9154
9155
9156
9157
9158
9159
9161
9162
9163
9164
9165
9166
9167
9168
9169
9170
9171
9172
9173
9174
9175
9176
9177
9178
9179
9180
9181
9182
9183
9184
9185
9186
9187
9188
9189
9190
9191
9192
9193
9194
9195
9197
9198
9199
9200
9201
9202
9203
9204
9205
9206
9207
9208
9209
9210
9211
9212
9214
9215
9216
9217
9218
9219
9220
9222
9226
9229
9230
9231
9232
9233
9234
9235
9236
9237
9238
9239
9240
9241
9242
9243
9244
9245
9246
9247
9248
9249
9250
9251
9252
9253
9254
9255
9256
9257
9258
9259
9260
9261
9262
9263
9264
9265
9266
9267
9268
9269
9270
9271
9272
9273
9274
9275
9276
9277
9278
9279
9280
9281
9282
9283
9284
9285
9286
9289
9290
9291
9292
9293
9294
9295
9296
9297
9298
9299
9301
9302
9303
9304
9305
9307
9308
9309
9310
9311
9313
9314
9315
9316
9317
9318
9319
9320
9321
9322
9324
9325
9326
9327
9328
9329
9330
9331
9332
9333
9334
9335
9336
9337
9338
9339
9340
9341
9342
9343
9344
9345
9346
9347
9352
9356
9357
9501
9502
9503
9504
9505
9506
9507
9508
9509
9510
9511
9512
9513
9514
9515
9516
9517
9518
9519
9520
9521
9522
9523
9524
9525
9526
9527
9528
9529
9530
9531
9533
9534
9535
9536
9537
9538
9539
9540
9541
9542
9543
9544
9545
9546
9597
9598
9599
9901
9902
9903
9904
9905
9906
9907
9908
9909
9910
9911
9912
9913
9914
9915
9916
9917
9918
9919
9920
9921
9922
9923
9924
9925
9926
9927
9929
9931
9932
9933
9934
9935
9936
9938
9939
9940
9941
9942
9943
9944
9945
9946
9947
9948
9949
9950
9951
9952
9953
9954
9955
9956
9957
9958
9959
9960
9961
9962
9963
9964
9965
9991
9997
9998
9999
