0000
0001
0002
0003
0004
0005
0006
0007
0008
0009
0010
0011
0012
0013
0014
0015
0016
0017
0018
0019
0020
0030
0031
0032
0040
0050
0060
0061
0070
0090
0100
0110
0130
0140
0210
0250
0251
0260
0270
0280
0286
0310
0311
0330
0340
0341
0342
0343
0344
0345
0346
0347
0391
0400
0410
0420
0430
0440
0450
0460
0466
0467
0490
0491
0501
0502
0503
0530
0550
0580
0590
0600
0601
0610
0620
0621
0622
0630
0650
0660
0670
0700
0710
0720
0730
0740
0750
0751
0752
0753
0754
0755
0756
0790
0796
0820
0840
0860
0880
0890
0940
0950
0960
0970
0980
0981
0990
0992
0998
0999
