0000
0001
0002
0003
0004
0005
0006
0007
0008
0009
0010
0011
0012
0013
0014
0015
0016
0017
0018
0019
0020
0021
0022
0023
0024
0025
0026
0027
0028
0029
0030
0031
0032
0033
0034
0035
0036
0037
0038
0039
0040
0041
0042
0043
0044
0045
0046
0047
0048
0049
0050
0051
0052
0053
0054
0055
0056
0057
0058
0059
0060
0061
0062
0063
0064
0065
0066
0067
0068
0069
0070
0071
0072
0073
0074
0075
0076
0077
0078
0080
0081
0085
0086
0087
0088
0089
0090
0091
0092
0095
0096
0097
0098
0099
0102
0103
0111
0117
0119
0125
0126
0134
0135
0137
0141
0143
0151
0163
0167
0170
0175
0176
0178
0179
0183
0188
0191
0192
0193
0195
0196
0198
0200
0201
0206
0208
0211
0213
0214
0219
0221
0229
0239
0240
0244
0245
0246
0300
0301
0302
0303
0304
0305
0306
0307
0309
0310
0311
0700
0701
0702
0703
0720
0731
0750
0751
0752
0753
0754
