0000
0001
0002
0003
0004
0005
0006
0007
0008
0009
0010
0011
0012
0013
0014
0015
0016
0017
0018
0019
0020
0021
0022
0023
0024
0025
0026
0027
0028
0029
0030
0031
0032
0033
0034
0035
0036
0037
0038
0039
0040
0041
0042
0043
0044
0045
0046
0047
0048
0049
0050
0051
0052
0053
0054
0055
0056
0057
0058
0059
0060
0061
0062
0063
0064
0065
0066
0067
0068
0069
0070
0071
0072
0073
0074
0075
0076
0077
0078
0079
0080
0081
0082
0083
0084
0085
0086
0087
0088
0089
0090
0091
0092
0093
0094
0095
0096
0097
0098
0099
0101
0102
0103
0104
0105
0106
0107
0108
0109
0110
0111
0112
0113
0114
0115
0116
0117
0118
0119
0120
0121
0122
0123
0124
0125
0126
0127
0128
0150
0151
0152
0153
0154
0155
0156
0157
0158
0159
0160
0161
0162
0163
0164
0165
0166
0167
0168
0169
0170
0171
0172
0173
0174
0175
0176
0177
0178
0179
0180
0181
0182
0183
0184
0185
0186
0187
0188
0189
0190
0191
0193
0300
0301
0302
0303
0304
0305
0306
0307
0308
0309
0310
0311
0312
0313
0314
0315
0316
0318
0319
0400
0401
0402
0403
0404
0405
0406
0407
0408
0409
0410
0500
0501
0502
0503
0504
0600
0601
0602
0603
0604
0605
0606
0607
0608
0609
0610
0611
0612
0613
0700
0701
0702
0703
0704
0705
0706
0707
0750
0751
0752
0753
0754
0800
0801
0893
0894
0895
0896
0897
0898
0899
0901
0902
0903
0905
0906
0907
0908
0909
0922
0923
0926
0927
0928
0929
0930
0934
0943
0945
0950
0962
0965
0990
0991
6000
6001
6002
6003
6004
6005
6006
6007
6008
6009
6010
6011
6012
6014
6015
6016
6017
6018
6019
6020
6021
6022
6023
6024
6025
6028
6029
6030
6031
6032
6033
6034
6035
6036
6037
6038
6039
6040
6041
6042
6045
6046
6047
6048
6049
6050
6051
6052
6053
6054
6055
6056
6057
6058
6060
6061
6062
6063
6064
6065
6066
6067
6068
6069
6070
6071
6072
6096
6099
6100
6101
6102
6103
6105
6106
6107
6108
6109
6110
6111
6112
6113
6114
6115
6116
6117
6118
6119
6120
6121
6122
6123
6124
6125
6126
6127
6128
6129
6132
6133
6134
6135
6136
6137
6139
6140
6141
6142
6144
6146
6147
6148
6149
6150
6151
6152
6153
6154
6155
6156
6157
6159
6161
