0000
0010
0020
0030
0040
0050
0060
0070
0080
0090
0100
0110
0120
0130
0140
0150
0160
0170
0180
0190
0200
0210
0220
0230
0240
0250
0260
0270
0280
0290
0300
0310
0320
0330
0340
0350
0360
0370
0380
0390
0400
0410
0420
0430
0440
0450
0460
0470
0480
0490
0500
0510
0520
0530
0540
0550
0560
0570
0580
0590
0600
0610
0620
0630
0660
0670
0680
0760
0770
0800
0810
0820
0830
0840
0850
0860
0870
0900
0910
0920
0930
0940
0950
0960
0970
0980
0990
8020
8060
8070
8080
8090
8110
8120
8130
8140
8210
8220
8240
8250
8270
8280
8310
8380
8420
