0000
0005
0006
0007
0010
0015
0020
0025
0030
0035
0040
0045
0050
0055
0060
0065
0070
0075
0080
0085
0090
0095
0110
0112
0115
0120
0130
0140
0145
0150
0160
0162
0165
0167
0170
0180
0190
0200
0210
0220
0230
0240
0245
0250
0260
0270
0280
0290
0310
0315
0320
0325
0330
0335
0340
0350
0360
0370
0375
0380
0390
0400
0410
0415
0420
0430
0440
0450
0455
0460
0462
0463
0465
0470
0480
0490
0495
0500
0505
0510
0520
0530
0535
0540
0550
0555
0557
0558
0560
0562
0565
0567
0570
0580
0590
0595
0600
0610
0615
0620
0700
0702
0708
0709
0710
0711
0712
0720
0721
0722
0723
0724
0725
0726
0727
0728
0729
0732
0733
0737
0750
0760
0770
0772
0780
0801
0802
0873
0893
0915
0916
0920
0922
0924
0926
0928
0930
0935
0936
0950
0960
0967
