0000
0001
0002
0003
0004
0005
0006
0007
0008
0009
0010
0011
0012
0013
0014
0015
0016
0017
0018
0019
0020
0021
0022
0023
0024
0025
0026
0027
0028
0029
0030
0031
0032
0033
0034
0035
0036
0037
0038
0039
0040
0041
0042
0043
0044
0045
0046
0047
0048
0049
0050
0051
0052
0053
0054
0055
0056
0057
0058
0059
0060
0061
0062
0063
0064
0065
0066
0067
0068
0069
0070
0071
0072
0073
0074
0075
0076
0077
0078
0079
0080
0081
0082
0083
0084
0085
0086
0087
0088
0089
0090
0091
0092
0093
0094
0095
0096
0098
0099
0100
0101
0102
0103
0104
0105
0106
0107
0108
0109
0110
0111
0112
0113
0114
0115
0117
0119
0120
0121
0123
0124
0125
0126
0127
0128
0129
0130
0131
0132
0135
0136
0137
0138
0139
0140
0141
0142
0143
0144
0145
0146
0147
0149
0150
0152
0153
0154
0155
0157
0158
0159
0160
0161
0162
0163
0169
0170
0172
0175
0176
0179
0180
0181
0189
0198
0199
0200
0208
0910
0919
0920
0921
0922
0923
0927
0929
0934
0936
0937
0938
0939
0947
0953
