0000
0010
0020
0030
0040
0050
0060
0070
0080
0090
0100
0101
0102
0103
0104
0105
0106
0107
0108
0110
0111
0112
0120
0130
0131
0140
0150
0151
0160
0161
0162
0170
0180
0190
0200
0210
0220
0230
0240
0250
0260
0270
0271
0280
0281
0282
0290
0300
0310
0311
0312
0320
0321
0330
0331
0340
0350
0360
0361
0370
0380
0390
0400
0410
0411
0420
0430
0440
0441
0442
0450
0460
0470
0480
0490
0500
0510
0520
0521
0522
0523
0530
0540
0550
0560
0561
0570
0580
0590
0591
0600
0610
0611
0612
0613
0614
0615
0616
0617
0618
0620
0621
0622
0623
0624
0625
0626
0627
0628
0630
0631
0633
0640
0650
0660
0670
0671
0672
0673
0674
0675
0676
0677
0678
0680
0681
0682
0683
0685
0686
0690
0700
0701
0702
0703
0704
0705
0706
0710
0720
0730
0740
0750
0760
0770
0780
0790
0800
0810
0820
0821
0822
0823
0824
0825
0826
0827
0828
0830
0831
0832
0833
0834
0835
0836
0837
0840
0850
0851
0852
0853
0854
0860
0861
0862
0863
0870
0880
0890
0900
0901
0910
0911
0912
0920
0921
0922
0923
0924
0925
0930
0940
0945
0946
0947
0955
0961
0966
0971
0975
0977
0990
