0000
0001
0002
0003
0004
0005
0006
0007
0008
0009
0028
0048
0080
0088
0105
0110
0113
0141
0150
0156
0170
0182
0194
0206
0249
0253
0254
0255
0268
0269
0273
0274
0275
0276
0281
0285
0290
0291
0297
0307
0340
0342
0344
0345
0346
0357
0359
0360
0361
0365
0367
0371
0372
0377
0378
0379
0383
0384
0393
0395
0396
0401
0402
0403
0404
0406
0407
0417
0419
0422
0423
0426
0427
0434
0443
0447
0452
0462
0514
0515
0530
0531
0536
0537
0564
0566
0589
0592
0613
0616
0624
0625
0629
0632
0635
0638
0639
0651
0686
0711
0712
0718
0720
0721
0733
0758
0763
0798
0991
0993
0994
0995
