0000
0001
0002
0003
0101
0102
0103
0104
0105
0107
0108
0109
0110
0111
0114
0115
0116
0120
0201
0202
0204
0205
0206
0207
0208
0209
0210
0211
0212
0213
0214
0301
0302
0303
0304
0305
0306
0307
0308
0309
0310
0311
0312
0313
0314
0315
0316
0317
0318
0319
0320
0321
0322
0323
0324
0325
0326
0401
0402
0404
0406
0407
0408
0409
0410
0411
0412
0413
0414
0415
0417
0501
0502
0503
0504
0505
0506
0507
0508
0509
0510
0511
0512
0513
0514
0515
0603
0605
0607
0608
0609
0610
0612
0613
0615
0701
0702
0703
0704
0705
0706
0707
0708
0709
0710
0711
0712
0713
0714
0715
0716
0717
0801
0802
0803
0804
0805
0807
0808
0809
0810
0811
0812
0813
0814
0815
0816
0817
0818
0819
0901
0902
0903
0904
0905
0906
0907
0908
0909
0910
0911
0912
0913
0914
0915
0916
0917
0918
0919
0920
0921
0922
0923
0924
0925
0926
0927
0928
0929
0930
0931
0932
0933
0934
0935
0936
0937
0938
0939
0941
0943
0944
0945
0946
0947
0948
0949
0950
0951
0952
0953
0954
0955
0956
0957
0958
0959
0960
0961
0962
0963
0964
0965
0966
0967
0968
0969
0970
0971
0972
0973
0974
0975
0976
0977
0978
1001
1002
1003
1004
1005
1006
1007
1008
1009
1010
1141
1142
1143
1144
1145
1146
1147
1148
1149
1150
1151
1152
1153
1154
1155
1156
1157
1158
1159
1160
1161
1162
1163
1164
1165
1166
1167
1168
1169
1170
1171
1172
1173
1174
1175
1176
1177
1178
1179
1180
1181
1182
1183
1184
1185
1186
1187
1188
1189
1190
1191
1192
1193
1194
1200
1202
1204
1205
1206
1207
1208
1209
1210
1211
1214
1216
1217
1218
1221
1222
1226
1229
1230
1233
1234
1237
1238
1239
1240
1242
1243
1244
1245
1246
1247
1248
1249
1250
1251
1252
1253
1254
1255
1257
1258
1260
1261
1262
1263
1264
1266
1268
1270
1272
1273
1274
1275
1277
1278
1279
1282
1285
1286
1287
1288
1289
1290
1291
1292
1293
1294
1295
1297
1298
1300
1302
1304
1305
1307
1315
1320
1322
1326
1328
1500
1700
1740
1777
1778
1780
1788
1789
1792
1793
1794
1795
1796
1797
1800
2253
2821
