0000
0011
0013
0016
0017
0019
0021
0029
0030
0031
0036
0037
0040
0055
0062
0064
0065
0066
0068
0069
0074
0101
0102
0103
0104
0105
0106
0107
0108
0109
0110
0111
0112
0113
0114
0115
0116
0117
0118
0119
0121
0122
0123
0124
0125
0126
0127
0128
0129
0130
0131
0132
0133
0134
0135
0136
0137
0138
0139
0140
0141
0142
0143
0144
0145
0146
0147
0148
0149
0150
0151
0152
0153
0154
0155
0156
0157
0158
0159
0160
0161
0162
0163
0164
0165
0166
0167
0168
0169
0170
0171
0172
0173
0174
0175
0176
0177
0178
0179
0180
0181
0182
0183
0184
0185
0186
0187
0191
0192
0193
0194
0195
0303
0304
0306
0307
0354
0355
0358
0360
0363
0364
0365
0366
0405
0406
0407
0408
0410
0411
0412
0414
0415
0417
0418
0456
0457
0459
0460
0461
0507
0508
0509
0511
0512
0513
0514
0558
0559
0560
0561
0562
0563
0565
0609
0610
0611
0612
0613
0614
0615
0660
0661
0663
0664
0665
0666
0667
0668
0669
0670
0671
0674
0675
0676
0711
0712
0713
0714
0715
0716
0717
0718
0719
0762
0763
0764
0765
0766
0767
0768
0813
0814
0816
0818
0819
0820
0821
0864
0865
0866
0867
0870
0871
0872
0873
0874
0915
0916
0917
0918
0919
0920
0966
0968
0971
0972
0973
1017
1018
1019
1020
1021
1022
1068
1069
1070
1071
1072
1073
1074
1119
1120
1121
1122
1170
1171
1172
1221
1222
1223
1272
1273
1274
1275
1323
1324
1325
1326
1374
1375
1376
1377
1425
1426
1427
1909
2052
2053
2054
2055
2056
2057
2058
2059
2060
2061
2063
2064
2065
2066
2067
2069
2071
2072
2073
2074
2075
2076
2077
2078
2079
2103
2104
2105
2106
2107
2108
2110
2111
2154
2156
2157
2158
2159
2160
2161
2162
2163
2164
2205
2206
2210
2213
2256
2257
2258
2259
2260
2261
2262
2263
2264
2265
2266
2267
2307
2308
2309
2310
2311
2312
2313
2314
2358
2359
2360
2361
2362
2363
2365
2409
2410
2411
2412
2413
2414
2415
2416
2417
2418
2460
2461
2462
2463
2464
2465
2466
2511
2512
2513
2514
2515
2516
2517
2518
2519
2562
2563
2564
2565
2566
3852
3853
3855
3856
3857
3858
3859
3860
3861
3862
3863
3868
3870
3871
3872
3873
3875
3876
3877
3878
3879
3903
3908
3910
3912
3913
3915
3917
3923
3924
3954
3955
3956
3957
3958
3959
3966
3967
3968
3969
4005
4007
4009
4010
4011
4013
4056
4058
4060
4061
4062
4063
4067
4107
4108
4109
4110
4158
4159
4160
4161
4162
4163
4209
4210
4211
4212
4260
4261
4262
4263
4264
4265
4311
4312
4313
4314
4315
4316
4362
4363
4364
4365
4366
4367
4368
4413
4414
4415
4416
5651
5652
5653
5654
5655
5656
5657
5658
5659
5660
5661
5662
5663
5664
5665
5666
5667
5668
5669
5670
5671
5672
5673
5675
5676
5677
5678
5679
5680
5681
5682
5683
5684
5685
5686
5687
5688
5689
5690
5691
5692
5693
5694
5695
5696
5697
5703
5704
5705
5706
5707
5708
5742
5754
5755
5756
5757
5758
5759
5763
5764
5805
5806
5807
5808
5809
5810
5811
5812
5813
5856
5857
5858
5907
5909
5910
5911
5912
5913
5914
5915
5916
5917
5918
5919
5920
5921
5922
5923
5958
5959
5960
5961
5962
5963
5964
5965
5966
5968
5969
5970
5971
5972
5973
5974
5975
5976
5977
5978
6009
6010
6011
6012
6013
6014
6015
6016
6017
6018
7452
7453
7454
7455
7456
7457
7458
7459
7460
7461
7462
7503
7504
7506
7507
7508
7509
7554
7555
7556
7558
7559
7560
7605
7606
7607
7608
7609
7610
7611
7612
7613
7614
7615
7616
7617
7618
7619
7620
7621
7622
7623
7624
7625
7626
7627
7628
7629
7630
7631
7656
7657
7658
7659
7660
7661
7707
7708
7709
7710
7711
7758
8009
8021
9220
9252
9253
9254
9255
9256
9257
9258
9259
9260
9261
9262
9263
9264
9265
9266
9267
9268
9269
9270
9271
9272
9273
9274
9275
9276
9277
9278
9279
9280
9281
9282
9283
9285
9286
9287
9288
9289
9290
9291
9292
9293
9294
9295
9296
9297
9298
9299
9300
9301
9303
9304
9305
9306
9307
9308
9310
9311
9312
9313
9314
9315
9317
9318
9354
9355
9356
9357
9358
9359
9360
9361
9362
9363
9364
9365
9366
9367
9368
9369
9370
9371
9372
9373
9375
9377
9378
9405
9406
9407
9408
9409
9411
9412
9413
9414
9415
9416
9417
9418
9456
9457
9458
9459
9460
9461
9462
9463
9464
9466
9467
9468
9470
9471
9472
9473
9474
9475
9476
9477
9478
9479
9480
9481
9482
9483
9485
9486
9487
9488
9489
9490
9491
9492
9493
9494
9495
9496
9497
9498
9499
9500
9501
9502
9503
9504
9505
9507
9508
9509
9510
9511
9512
9513
9514
9515
9517
9558
9559
9560
9561
9562
9563
9564
9565
9609
9610
9611
9660
9661
9662
9711
9712
9713
9714
9715
9716
9717
9718
9719
9720
9721
9722
9723
9724
9725
9726
9727
9728
9729
9730
9731
9732
9733
9734
9735
9736
9737
9738
9739
9740
9741
9742
9744
9745
9746
9747
9748
9749
9750
9751
9752
9753
9754
9755
9756
9757
9759
9760
9762
9812
9813
9864
9915
9916
9917
9966
9967
9968
9969
9970
9971
9975
9976
9977
9978
9979
9982
9985
