0000
0001
0002
0003
0004
0005
0006
0007
0008
0009
0010
0011
0012
0013
0014
0015
0016
0017
0018
0019
0020
0021
0022
0023
0024
0025
0026
0027
0028
0029
0030
0031
0032
0033
0034
0035
0036
0037
0038
0039
0040
0041
0042
0043
0044
0045
0046
0047
0048
0049
0050
0051
0052
0053
0054
0055
0056
0057
0058
0059
0060
0061
0062
0063
0064
0065
0066
0067
0068
0069
0071
0072
0073
0100
0101
0102
0150
0200
0201
0202
0203
0204
0205
0206
0207
0208
0209
0210
0211
0212
0213
0214
0215
0216
0217
0218
0219
0220
0221
0222
0223
0224
0225
0226
0227
0228
0229
0230
0231
0232
0233
0234
0235
0236
0237
0238
0239
0240
0241
0242
0243
0244
0245
0246
0247
0248
0249
0250
0251
0252
0253
0254
0255
0256
0257
0258
0259
0260
0261
0262
0263
0264
0266
0267
0268
0269
0300
0301
0302
0303
0304
0400
0401
0402
0403
0501
0502
0503
0504
0505
0506
0507
0508
0509
0510
0511
0512
0513
0514
0601
0602
0603
0604
0605
0606
0607
0608
0609
0610
0611
0612
0613
0800
0810
0820
0850
0860
0870
0880
0890
0900
0920
0930
0934
0950
0973
0980
