0000
0001
0002
0003
0004
0005
0006
0007
0008
0009
0010
0011
0012
0013
0014
0015
0016
0017
0018
0019
0020
0021
0022
0023
0024
0025
0026
0027
0028
0029
0030
0031
0032
0033
0034
0035
0036
0037
0038
0039
0040
0041
0042
0043
0044
0045
0046
0047
0048
0049
0050
0051
0052
0053
0054
0055
0056
0057
0058
0059
0060
0061
0062
0063
0064
0065
0066
0067
0068
0069
0070
0071
0072
0073
0074
0075
0076
0077
0078
0079
0080
0081
0082
0083
0084
0085
0086
0087
0088
0089
0090
0091
0092
0093
0094
0095
0096
0097
0098
0099
0100
0101
0102
0103
0104
0105
0106
0107
0108
0110
0111
0113
0114
0115
0116
0117
0118
0119
0120
0122
0123
0124
0125
0126
0127
0128
0129
0130
0131
0132
0133
0134
0135
0136
0137
0138
0139
0140
0141
0142
0143
0144
0145
0146
0147
0148
0149
0150
0151
0152
0153
0154
0155
0156
0157
0158
0159
0160
0161
0162
0163
0164
0165
0166
0167
0168
0169
0170
0171
0172
0174
0175
0176
0177
0178
0179
0180
0181
0182
0183
0185
0186
0187
0188
0189
0190
0191
0192
0193
0194
0195
0196
0197
0198
0199
0200
0201
0203
0204
0205
0206
0207
0211
0213
0216
0217
0218
0219
0220
0221
0222
0223
0224
0225
0226
0227
0228
0229
0230
0231
0232
0233
0234
0235
0236
0237
0238
0239
0240
0241
0242
0243
0244
0245
0246
0247
0248
0249
0250
0251
0252
0253
0254
0255
0256
0257
0258
0259
0260
0261
0262
0263
0264
0265
0266
0267
0268
0269
0270
0271
0272
0273
0274
0275
0276
0277
0278
0279
0280
0281
0282
0283
0284
0285
0286
0287
0288
0289
0290
0291
0292
0293
0294
0295
0296
0297
0298
0299
0300
0301
0302
0303
0304
0305
0306
0307
0308
0309
0310
0311
0312
0313
0314
0315
0316
0317
0318
0319
0320
0321
0322
0323
0324
0325
0326
0327
0328
0329
0330
0331
0332
0333
0334
0335
0336
0337
0338
0339
0340
0341
0342
0343
0344
0345
0348
0349
0351
0352
0353
0354
0355
0356
0357
0358
0360
0366
0367
0369
0371
0372
0373
0374
0375
0376
0377
0382
0383
0384
0385
0386
0387
0647
0648
0649
0703
0720
0723
0726
0728
0736
0739
0740
0772
0776
0777
0778
0779
0780
0781
0782
0783
0784
0785
0787
0788
0789
0790
0791
0792
0793
0794
0795
0796
0797
0798
0801
0802
0803
0805
0806
0808
0814
0815
0816
0817
0818
0819
0820
0821
0822
0823
0824
0825
0826
0827
0828
0829
0830
0831
0832
0833
0841
0842
0843
0860
1001
1002
1003
1004
1005
1006
1007
1008
1009
1010
1011
1012
1013
1100
1111
1112
1113
1114
1115
1116
1117
1118
1119
1120
1121
1122
1211
1216
1316
2000
2100
2101
2102
2103
2104
2105
2106
2107
2108
2109
2200
2201
2210
2211
2220
2230
2240
2241
2250
2260
2270
2280
2290
2300
2310
2330
2340
2350
2360
2370
2380
2390
2400
2410
2420
2430
2440
2450
2460
2470
2500
2510
2520
2800
2801
2802
2804
2805
2806
2807
2808
2809
2810
2811
2812
2813
2817
2818
2821
2822
2823
2824
2826
2827
2828
2829
2830
2831
2832
2836
2837
2840
2841
2842
2843
2844
3000
3001
3002
3003
3004
3005
3006
3007
3008
3009
3010
3011
3012
3013
3014
3015
3016
3017
3018
3019
3020
3021
3022
3023
3024
3025
3026
3027
3028
3029
3030
3031
3032
3033
3034
3035
3036
3037
3038
3039
3040
3041
3042
3043
3044
3045
3046
3047
3048
3049
3050
3051
3052
3053
3054
3055
3056
3057
3058
3059
3060
3061
3062
3063
3064
3065
3066
3067
3068
3069
3070
3071
3072
3073
3074
3075
3076
3077
3078
3079
3080
3081
3082
3083
3084
3085
3086
3087
3088
3089
3090
3091
3092
3093
3094
3095
3096
3097
3098
3099
3100
3101
3102
3103
3104
3105
3106
3107
3108
3109
3110
3111
3112
3113
3114
3115
3116
3117
3118
3119
3120
3121
3122
3123
3124
3125
3126
3127
3128
3129
3130
3131
3132
3133
3134
3135
3136
3137
3138
3139
3140
3141
3142
3143
3144
3145
3146
3147
3148
3149
3150
3151
3152
3153
3154
3155
3156
3157
3158
3159
3160
3161
3162
3163
3164
3165
3166
3167
3168
3169
3170
3171
3172
3173
3174
3175
3176
3177
3178
3179
3180
3181
3182
3183
3184
3185
3186
3187
3188
3189
3190
3191
3200
3201
3202
3203
3204
3205
3206
3207
3208
3209
3210
3211
3212
3213
4000
4100
4101
4102
4103
4104
4200
4201
4202
4203
4204
4205
4208
5000
5001
5002
5003
5004
5005
5007
5008
5009
5010
5011
5012
5013
5014
5015
5016
5021
5022
5023
5025
5028
5029
5030
5510
5516
5527
5537
5817
7000
7010
7011
7012
7020
7021
7030
7040
7050
7060
7070
7080
7090
7100
7110
7120
7130
7132
7140
7150
7160
7170
7180
7190
7200
7210
7220
7230
7240
7250
7260
7270
7280
7300
7310
7320
7330
7340
7350
7370
7380
7390
7400
7410
7420
7430
7440
7450
7460
7470
7480
8191
9815
9816
