0000
0002
0003
0004
0005
0006
0007
0008
0009
0010
0011
0012
0013
0014
0016
0017
0018
0019
0021
0022
0023
0024
0025
0026
0027
0028
0029
0030
0033
0035
0036
0037
0039
0040
0041
0042
0043
0044
0045
0046
0047
0048
0049
0050
0051
0052
0053
0054
0055
0056
0057
0058
0059
0060
0061
0062
0063
0064
0065
0066
0067
0068
0069
0070
0071
0072
0073
0074
0075
0076
0077
0078
0079
0080
0081
0082
0083
0084
0085
0086
0087
0088
0089
0090
0091
0092
0093
0094
0096
0097
0098
0099
0101
0102
0103
0104
0105
0106
0107
0108
0109
0110
0111
0112
0113
0114
0115
0116
0117
0118
0119
0120
0121
0122
0123
0124
0125
0126
0127
0128
0129
0130
0131
0132
0133
0134
0135
0136
0137
0138
0139
0140
0141
0142
0143
0144
0145
0146
0147
0148
0149
0150
0151
0152
0153
0154
0155
0156
0157
0158
0159
0160
0161
0162
0163
0164
0165
0166
0167
0168
0169
0170
0171
0172
0173
0174
0175
0176
0182
0183
0184
0185
0186
0200
0201
0202
0204
0205
0206
0207
0208
0209
0210
0211
0212
0213
0214
0215
0216
0217
0218
0219
0220
0221
0222
0223
0224
0225
0226
0227
0228
0229
0230
0231
0233
0234
0238
0239
0300
0301
0302
0303
0304
0305
0306
0307
0308
0309
0310
0311
0312
0313
0314
0315
0316
0317
0318
0319
0320
0321
0322
0326
0327
0328
0329
0330
0331
0333
0334
0335
0336
0337
0338
0339
0340
0341
0342
0343
0344
0345
0346
0348
0349
0350
0352
0353
0355
0356
0361
0362
0363
0365
0366
0367
0368
0369
0370
0371
0372
0373
0374
0375
0376
0377
0378
0379
0380
0381
0382
0383
0384
0385
0386
0387
0388
0389
0391
0392
0393
0394
0395
0400
0401
0402
0403
0404
0405
0406
0407
0408
0409
0410
0411
0412
0413
0414
0415
0416
0417
0418
0419
0420
0421
0422
0423
0424
0425
0426
0427
0428
0429
0430
0431
0432
0433
0434
0435
0436
0437
0438
0439
0440
0441
0442
0443
0444
0445
0446
0447
0448
0449
0450
0451
0452
0453
0454
0455
0456
0457
0458
0459
0460
0461
0462
0463
0464
0465
0466
0467
0468
0469
0470
0489
0491
0493
0494
0496
0497
0498
0500
0501
0502
0503
0504
0505
0506
0507
0508
0509
0510
0511
0512
0513
0514
0515
0516
0517
0518
0519
0520
0521
0522
0523
0524
0525
0526
0527
0528
0529
0530
0531
0532
0533
0534
0535
0536
0537
0538
0539
0540
0541
0542
0543
0544
0545
0546
0547
0548
0550
0551
0552
0553
0554
0555
0556
0557
0559
0560
0563
0565
0589
0591
0600
0601
0602
0603
0604
0605
0606
0610
0611
0620
0621
0622
0623
0624
0625
0626
0627
0628
0629
0630
0631
0632
0633
0634
0635
0636
0637
0638
0639
0640
0641
0642
0643
0644
0645
0646
0647
0648
0649
0650
0651
0652
0653
0654
0655
0656
0657
0658
0659
0660
0661
0662
0663
0664
0665
0666
0667
0669
0670
0671
0672
0673
0674
0675
0676
0677
0678
0679
0689
0700
0701
0702
0703
0704
0705
0706
0707
0708
0709
0710
0711
0712
0713
0714
0715
0730
0760
0761
0762
0763
0764
0765
0766
0770
0771
0772
0773
0800
0801
0902
0903
0904
0905
0906
0907
0910
0912
0913
0915
0916
0917
0918
0919
0920
0921
0922
0923
0924
0925
0926
0930
0934
0935
0936
0940
0945
0946
0950
0951
0952
0955
0960
0961
0965
0966
0967
0970
0975
0979
0980
0981
0982
0983
0984
0985
0987
0988
0989
0990
0991
0995
4493
