0000
0001
0010
0020
0043
0044
0045
0046
0047
0050
0055
0060
0063
0070
0072
0074
0076
0080
0081
0082
0083
0084
0085
0086
0088
0090
0111
0112
0113
0114
0115
0116
0117
0118
0119
0122
0123
0124
0125
0126
0127
0128
0129
0130
0131
0132
0133
0134
0135
0136
0137
0138
0139
0140
0141
0142
0143
0150
0151
0152
0153
0154
0155
0156
0157
0158
0159
0160
0161
0162
0163
0164
0165
0166
0167
0168
0169
0170
0171
0172
0173
0174
0175
0176
0177
0178
0179
0180
0181
0182
0183
0191
0192
0193
0198
0201
0202
0203
0204
0205
0206
0207
0208
0209
0210
0211
0212
0213
0214
0215
0216
0217
0218
0219
0220
0221
0222
0223
0224
0225
0227
0228
0229
0230
0231
0232
0233
0234
0235
0236
0237
0238
0239
0240
0241
0242
0243
0244
0245
0246
0247
0248
0250
0251
0253
0255
0256
0257
0258
0259
0260
0262
0263
0264
0266
0267
0268
0269
0270
0271
0272
0273
0274
0277
0278
0280
0281
0282
0283
0285
0286
0288
0290
0291
0293
0294
0296
0297
0298
0299
4050
