0000
0001
0002
0003
0004
0005
0006
0007
0008
0009
0010
0011
0012
0013
0014
0015
0016
0017
0018
0019
0020
0021
0022
0023
0024
0025
0026
0027
0028
0029
0030
0031
0032
0033
0034
0035
0036
0037
0038
0039
0040
0041
0042
0043
0044
0045
0046
0047
0048
0049
0050
0051
0052
0053
0054
0055
0056
0057
0058
0059
0060
0061
0062
0063
0064
0065
0066
0067
0068
0069
0070
0071
0072
0074
0075
0077
0078
0079
0080
0081
0082
0083
0084
0085
0086
0087
0088
0089
0090
0091
0092
0093
0094
0095
0096
0097
0098
0099
0101
0102
0103
0104
0105
0106
0107
0108
0109
0110
0111
0112
0113
0114
0115
0116
0117
0118
0119
0120
0121
0122
0124
0126
0127
0128
0129
0130
0131
0132
0133
0134
0135
0136
0137
0138
0139
0140
0141
0142
0143
0144
0145
0146
0147
0148
0149
0150
0151
0152
0153
0154
0155
0156
0157
0158
0159
0160
0161
0162
0163
0164
0165
0166
0167
0168
0169
0170
0171
0179
0180
0182
0187
0194
0197
0206
0249
0253
0254
0255
0268
0269
0273
0274
0275
0276
0281
0285
0290
0291
0297
0307
0320
0340
0342
0344
0345
0346
0357
0359
0360
0361
0365
0367
0371
0372
0377
0378
0379
0383
0384
0393
0395
0396
0401
0402
0403
0404
0405
0406
0407
0408
0409
0417
0419
0422
0423
0426
0427
0434
0443
0447
0452
0462
0514
0515
0530
0531
0536
0537
0564
0566
0589
0592
0613
0616
0624
0625
0629
0632
0635
0638
0639
0651
0686
0711
0712
0718
0720
0721
0733
0758
0763
0798
0936
0937
0938
0939
0940
0941
0943
0944
0945
0946
0947
0948
0949
0950
0951
0952
0953
0954
0955
0956
0957
0958
0959
0960
0961
0962
0963
0964
0965
0966
0967
0968
0969
0970
0971
0972
0973
0974
0975
0976
0977
0978
0979
0980
0981
0982
0983
0984
0985
0986
0987
0988
0989
0990
0991
0992
0993
0994
0995
0996
0997
0998
0999
9922
9924
9925
