0000
0001
0002
0003
0004
0005
0006
0007
0008
0009
0010
0011
0012
0013
0014
0015
0016
0017
0018
0019
0020
0021
0022
0023
0024
0025
0026
0027
0028
0029
0030
0031
0032
0033
0034
0035
0036
0037
0038
0039
0040
0041
0042
0043
0044
0045
0046
0047
0048
0049
0051
0052
0053
0054
0055
0056
0057
0058
0059
0060
0061
0062
0063
0064
0065
0066
0067
0068
0069
0070
0071
0072
0073
0074
0075
0076
0077
0078
0079
0080
0081
0082
0083
0084
0085
0086
0087
0088
0089
0090
0091
0092
0093
0094
0095
0096
0097
0098
0099
0100
0101
0102
0104
0105
0107
0108
0109
0110
0112
0113
0114
0115
0116
0117
0118
0119
0120
0122
0126
0128
0129
0130
0132
0133
0134
0135
0136
0138
0139
0140
0141
0142
0143
0144
0146
0147
0148
0149
0150
0151
0152
0154
0155
0156
0157
0158
0159
0160
0161
0162
0163
0164
0165
0166
0168
0169
0171
0200
0201
0202
0203
0204
0205
0206
0207
0208
0209
0210
0211
0212
0214
0215
0216
0217
0218
0219
0220
0221
0222
0223
0224
0225
0226
0227
0228
0229
0230
0232
0233
0234
0237
0238
0239
0240
0241
0242
0243
0244
0245
0247
0248
0249
0250
0251
0252
0254
0255
0258
0261
0262
0263
0264
0265
0269
0273
0280
0281
0284
0290
0291
0292
0293
0295
0296
0900
0901
0906
0912
0915
0916
0921
0922
0923
0924
0925
0935
0937
0940
0941
0942
0944
0950
0954
0956
0959
0961
0965
0970
0971
0981
0982
0985
0986
0989
0990
0991
0992
0993
0994
0995
0997
0998
0999
