0000
0002
0003
0004
0005
0006
0007
0008
0009
0010
0011
0012
0013
0014
0015
0016
0017
0018
0019
0020
0021
0022
0023
0024
0025
0026
0027
0028
0029
0030
0031
0032
0033
0034
0035
0036
0037
0038
0039
0040
0041
0042
0043
0044
0045
0046
0047
0048
0049
0050
0051
0052
0053
0054
0055
0056
0057
0058
0059
0060
0061
0062
0063
0064
0065
0066
0067
0068
0069
0070
0071
0072
0073
0074
0075
0076
0077
0078
0079
0080
0081
0082
0083
0084
0085
0086
0087
0088
0089
0090
0091
0092
0093
0094
0095
0096
0097
0098
0099
0100
0101
0102
0103
0104
0105
0106
0107
0108
0109
0110
0111
0112
0113
0114
0115
0116
0117
0118
0119
0120
0121
0122
0123
0124
0125
0126
0127
0128
0129
0130
0131
0132
0133
0134
0135
0136
0137
0138
0139
0140
0141
0142
0143
0144
0145
0147
0148
0149
0150
0152
0153
0154
0156
0157
0158
0159
0160
0161
0162
0163
0164
0165
0166
0167
0168
0169
0170
0171
0172
0173
0174
0175
0176
0177
0178
0179
0180
0181
0182
0186
0200
0201
0202
0203
0204
0205
0206
0207
0208
0209
0210
0211
0212
0213
0214
0215
0216
0217
0218
0219
0220
0221
0222
0223
0224
0225
0226
0227
0228
0229
0230
0232
0233
0234
0235
0236
0237
0238
0239
0250
0251
0252
0253
0275
0301
0302
0303
0304
0305
0306
0307
0309
0310
0311
0312
0313
0314
0315
0316
0317
0318
0319
0320
0321
0322
0323
0324
0325
0326
0327
0328
0329
0330
0331
0333
0400
0401
0402
0405
0406
0407
0408
0409
0420
0421
0422
0423
0424
0425
0426
0427
0428
0429
0430
0431
0432
0433
0434
0435
0436
0437
0438
0439
0440
0441
0442
0443
0444
0445
0446
0447
0448
0449
0450
0451
0452
0453
0454
0455
0456
0457
0458
0459
0460
0461
0462
0463
0464
0465
0466
0467
0468
0469
0470
0471
0472
0473
0474
0475
0476
0477
0478
0479
0480
0481
0482
0483
0484
0485
0486
0487
0488
0489
0490
0491
0492
0493
0494
0496
0497
0501
0502
0503
0504
0505
0506
0510
0511
0512
0513
0520
0530
0531
0540
0541
0542
0543
0544
0545
0546
0547
0550
0551
0552
0553
0560
0561
0570
0571
0572
0580
0581
0582
0590
0591
0592
0593
0594
0595
0600
0601
0610
0611
0612
0613
0614
0615
0620
0630
0632
0640
0641
0642
0650
0651
0652
0660
0661
0662
0663
0664
0665
0670
0680
0690
0700
0725
0726
0743
0750
0775
0802
0806
0820
0823
0826
0830
0831
0832
0833
0834
0835
0836
0837
0838
0840
0841
0842
0843
0844
0845
0846
0847
0848
0849
0850
0853
0854
0855
0856
0857
0858
0859
0861
0862
0863
0864
0866
0873
0875
0876
0877
0878
0879
0880
0881
0882
0883
0884
0885
0886
0887
0888
0889
0890
0891
0892
0893
0894
0895
0896
0897
0898
0899
1010
1020
1030
1031
1040
1041
1043
1050
1075
3289
3339
9032
9700
