0000
0001
0002
0003
0004
0005
0006
0007
0008
0009
0010
0011
0012
0013
0014
0015
0016
0017
0018
0019
0020
0021
0022
0023
0024
0025
0026
0027
0028
0029
0030
0031
0032
0033
0034
0035
0036
0037
0038
0039
0041
0042
0043
0047
0048
0049
0050
0099
0199
0399
0599
1499
2399
2599
2799
2999
3199
3299
3599
3999
4499
4799
4999
5499
5999
6099
6199
6299
6399
6499
6599
6699
6799
6899
6999
7099
8199
8299
8399
8499
8599
8699
8799
8899
8999
9901
9902
9903
9904
9905
9906
9907
9908
9909
9910
9911
9912
9913
9914
9915
9916
9917
9918
9919
9920
9921
9922
9923
9924
9925
9926
9927
9928
9929
9930
9931
9932
9933
9934
9935
9936
9937
9938
9939
9940
9941
9942
9943
9944
9945
9946
9947
9948
9949
9950
9951
9952
9953
9954
9955
9956
9957
9958
9959
9960
9961
9962
9988
9994
9995
9996
9998
9999
