0000
0001
0004
0005
0007
0008
0009
0010
0011
0012
0014
0015
0016
0018
0019
0020
0023
0025
0026
0027
0028
0030
0032
0034
0036
0037
0038
0040
0041
0043
0044
0045
0048
0049
0050
0054
0058
0059
0063
0064
0065
0066
0068
0069
0070
0071
0072
0076
0080
0084
0088
0090
0110
0120
0140
0150
0160
0170
0180
0190
0200
0220
0230
0240
0250
0260
0270
0280
0290
0300
0310
0320
0340
0360
0370
0380
0400
0410
0430
0440
0450
0470
0480
0490
0500
0520
0540
0550
0560
0570
0580
0590
0600
0610
0630
0640
0650
0660
0680
0690
0700
0710
0720
0750
0760
0800
0840
0850
0880
0890
0900
9151
