0000
0101
0102
0103
0104
0105
0106
0107
0108
0109
0110
0111
0112
0113
0114
0115
0116
0117
0118
0119
0120
0121
0122
0123
0124
0125
0201
0202
0203
0204
0205
0206
0207
0208
0209
0210
0211
0212
0213
0214
0215
0216
0217
0301
0302
0303
0304
0305
0306
0307
0308
0309
0310
0401
0402
0403
0404
0405
0406
0407
0408
0409
0410
0411
0501
0502
0503
0504
0505
0506
0507
0601
0602
0603
0604
0605
0606
0607
0608
0609
0610
0611
0612
0613
0701
0702
0703
0704
0705
0706
0707
0708
0709
0710
0711
0712
0713
0714
0715
0716
0801
0802
0803
0804
0805
0806
0807
0808
0809
0810
0811
0812
0813
0814
0815
0816
0817
0818
0819
0820
0821
0822
0850
0851
0852
0853
0854
0855
0856
0857
0858
0859
0860
