0000
0001
0002
0004
0005
0006
0008
0009
0010
0011
0012
0014
0015
0016
0021
0022
0024
0025
0027
0028
0029
0031
0032
0035
0036
0037
0038
0040
0041
0042
0043
0044
0045
0047
0049
0050
0051
0053
0055
0057
0058
0059
0060
0062
0063
0065
0066
0067
0068
0070
0071
0072
0074
0075
0076
0081
0082
0083
0086
0087
0089
0090
0091
0092
0093
0094
0095
0097
0099
0100
0101
0104
0105
0107
0108
0109
0110
0112
0113
0114
0115
0116
0118
0119
0120
0121
0122
0123
0124
0125
0127
0128
0130
0134
0137
0139
0140
0141
0142
0143
0146
0147
0148
0149
0150
0151
0155
0156
0157
0158
0160
0162
0163
0164
0165
0168
0169
0170
0172
0173
0174
0175
0176
0179
0180
0181
0182
0183
0185
0186
0188
0190
0191
0192
0194
0195
0196
0197
0199
0200
0201
0202
0204
0205
0206
0207
0209
0211
0212
0214
0215
0216
0217
0218
0219
0220
0221
0222
0223
0224
0225
0226
0227
0228
0229
0230
0231
0232
0233
0300
0301
0302
0303
0304
0305
0306
0307
0308
0309
0310
0311
0312
0313
0314
0315
0316
0317
0318
0319
0320
0321
0322
0323
0324
0325
0327
0328
0401
9205
9219
9720
