0000
0010
0020
0030
0040
0050
0060
0070
0080
0090
0100
0101
0102
0103
0104
0110
0120
0130
0140
0150
0160
0170
0180
0190
0200
0201
0202
0203
0204
0205
0206
0300
0301
0400
0401
0402
0500
0600
0601
0610
0700
0701
0702
0800
0801
0802
0803
0900
0901
0902
0903
0904
0905
0906
1000
1001
1002
1003
1004
1100
1101
1102
1103
1200
1201
1300
1301
1302
1400
1401
1402
1403
1500
1501
1502
1600
1700
1701
1702
1703
1704
1800
1801
1802
1900
1901
2000
2100
2200
2210
2220
4000
4001
4002
4010
4100
4200
4300
4400
4500
4600
4700
4710
4711
4720
4730
4740
4750
6000
6100
6101
6102
8000
9741
9742
9744
