0000
0001
0002
0003
0004
0005
0006
0007
0008
0009
0010
0011
0012
0013
0014
0015
0016
0017
0018
0019
0020
0021
0022
0023
0024
0025
0026
0027
0028
0029
0030
0031
0032
0033
0034
0036
0037
0038
0039
0040
0042
0043
0044
0045
0046
0047
0048
0049
0050
0051
0052
0099
0201
0202
0203
0204
0205
0301
0302
0303
0305
0306
0307
0308
0501
0503
0702
0703
0801
0802
1001
1101
1102
1103
1201
1301
1303
1304
1306
1307
1401
1501
1801
1901
1902
2001
2101
2202
2501
2601
2702
2703
2705
2708
2709
2801
2802
2803
2901
3001
3301
9311
9312
9313
9314
9315
9316
9317
